[19:25:32] [main.cpp:39] [BLT_ERROR]: String has an error at pos 24060. expected q got 
[19:25:32] [main.cpp:39] [BLT_ERROR]: String has an error at pos 36090. expected e got 
[19:25:32] [main.cpp:39] [BLT_ERROR]: String has an error at pos 48120. expected u got 
[19:25:32] [main.cpp:39] [BLT_ERROR]: String has an error at pos 60150. expected u got 
[19:25:32] [main.cpp:39] [BLT_ERROR]: String has an error at pos 72180. expected y got 
[19:25:32] [main.cpp:39] [BLT_ERROR]: String has an error at pos 84210. expected y got 
[19:25:32] [main.cpp:39] [BLT_ERROR]: String has an error at pos 96240. expected y got 
[19:25:32] [main.cpp:39] [BLT_ERROR]: String has an error at pos 108270. expected y got 
[19:25:32] [main.cpp:39] [BLT_ERROR]: String has an error at pos 120300. expected g got 
[19:25:32] [main.cpp:39] [BLT_ERROR]: String has an error at pos 132330. expected k got 
[19:25:32] [main.cpp:39] [BLT_ERROR]: String has an error at pos 144360. expected k got 
[19:25:32] [main.cpp:39] [BLT_ERROR]: String has an error at pos 156390. expected k got 
[19:25:32] [main.cpp:39] [BLT_ERROR]: String has an error at pos 168420. expected o got 
[19:25:32] [main.cpp:39] [BLT_ERROR]: String has an error at pos 180450. expected o got 
[19:25:32] [main.cpp:39] [BLT_ERROR]: String has an error at pos 192480. expected s got 
[19:25:32] [main.cpp:39] [BLT_ERROR]: String has an error at pos 204510. expected s got 
[19:25:32] [main.cpp:39] [BLT_ERROR]: String has an error at pos 216540. expected w got 
[19:25:32] [main.cpp:39] [BLT_ERROR]: String has an error at pos 228570. expected w got 
[19:25:32] [main.cpp:39] [BLT_ERROR]: String has an error at pos 240600. expected a got 
[19:25:32] [main.cpp:39] [BLT_ERROR]: String has an error at pos 252630. expected a got 
[19:25:32] [main.cpp:39] [BLT_ERROR]: String has an error at pos 264660. expected e got 
[19:25:32] [main.cpp:39] [BLT_ERROR]: String has an error at pos 276690. expected e got 
[19:25:32] [main.cpp:39] [BLT_ERROR]: String has an error at pos 288720. expected i got 
[19:25:32] [main.cpp:39] [BLT_ERROR]: String has an error at pos 300750. expected i got 
[19:25:32] [main.cpp:39] [BLT_ERROR]: String has an error at pos 312780. expected m got 
[19:25:32] [main.cpp:39] [BLT_ERROR]: String has an error at pos 324810. expected m got 
[19:25:32] [main.cpp:39] [BLT_ERROR]: String has an error at pos 336840. expected m got 
[19:25:32] [main.cpp:39] [BLT_ERROR]: String has an error at pos 348870. expected m got 
[19:25:32] [main.cpp:39] [BLT_ERROR]: String has an error at pos 360900. expected u got 
[19:25:32] [main.cpp:39] [BLT_ERROR]: String has an error at pos 372930. expected u got 
[19:25:32] [main.cpp:39] [BLT_ERROR]: String has an error at pos 384960. expected a got 
[19:25:32] [main.cpp:39] [BLT_ERROR]: String has an error at pos 396990. expected a got 
[19:25:32] [main.cpp:39] [BLT_ERROR]: String has an error at pos 409020. expected e got 
[19:25:32] [main.cpp:39] [BLT_ERROR]: String has an error at pos 421050. expected e got 
[19:25:32] [main.cpp:39] [BLT_ERROR]: String has an error at pos 433080. expected i got 
[19:25:32] [main.cpp:39] [BLT_ERROR]: String has an error at pos 445110. expected i got 
[19:25:32] [main.cpp:39] [BLT_ERROR]: String has an error at pos 457140. expected m got 
[19:25:32] [main.cpp:39] [BLT_ERROR]: String has an error at pos 469170. expected m got 
[19:25:32] [main.cpp:39] [BLT_ERROR]: String has an error at pos 481200. expected q got 
[19:25:32] [main.cpp:39] [BLT_ERROR]: String has an error at pos 493230. expected q got 
[19:25:32] [main.cpp:39] [BLT_ERROR]: String has an error at pos 505260. expected u got 
[19:25:32] [main.cpp:39] [BLT_ERROR]: String has an error at pos 517290. expected u got 
[19:25:32] [main.cpp:39] [BLT_ERROR]: String has an error at pos 529320. expected y got 
[19:25:32] [main.cpp:39] [BLT_ERROR]: String has an error at pos 541350. expected y got 
[19:25:32] [main.cpp:39] [BLT_ERROR]: String has an error at pos 553380. expected c got 
[19:25:32] [main.cpp:39] [BLT_ERROR]: String has an error at pos 565410. expected c got 
[19:25:32] [main.cpp:39] [BLT_ERROR]: String has an error at pos 577440. expected g got 
[19:25:32] [main.cpp:39] [BLT_ERROR]: String has an error at pos 589470. expected g got 
[19:25:32] [main.cpp:39] [BLT_ERROR]: String has an error at pos 601500. expected k got 
[19:25:32] [main.cpp:39] [BLT_ERROR]: String has an error at pos 613530. expected k got 
[19:25:32] [main.cpp:39] [BLT_ERROR]: String has an error at pos 625560. expected o got 
[19:25:32] [main.cpp:39] [BLT_ERROR]: String has an error at pos 637590. expected o got 
[19:25:32] [main.cpp:39] [BLT_ERROR]: String has an error at pos 649620. expected s got 
[19:25:32] [main.cpp:39] [BLT_ERROR]: String has an error at pos 661650. expected s got 
[19:25:32] [main.cpp:39] [BLT_ERROR]: String has an error at pos 673680. expected w got 
[19:25:32] [main.cpp:39] [BLT_ERROR]: String has an error at pos 685710. expected w got 
[19:25:32] [main.cpp:39] [BLT_ERROR]: String has an error at pos 697740. expected a got 
[19:25:32] [main.cpp:39] [BLT_ERROR]: String has an error at pos 709770. expected a got 
[19:25:32] [main.cpp:39] [BLT_ERROR]: String has an error at pos 721800. expected e got 
[19:25:32] [main.cpp:39] [BLT_ERROR]: String has an error at pos 733830. expected e got 
[19:25:32] [main.cpp:39] [BLT_ERROR]: String has an error at pos 745860. expected e got 
[19:25:32] [main.cpp:39] [BLT_ERROR]: String has an error at pos 757890. expected e got 
[19:25:32] [main.cpp:39] [BLT_ERROR]: String has an error at pos 769920. expected o got 
[19:25:32] [main.cpp:39] [BLT_ERROR]: String has an error at pos 781950. expected o got 
[19:25:32] [main.cpp:39] [BLT_ERROR]: String has an error at pos 793980. expected o got 
[19:25:32] [main.cpp:39] [BLT_ERROR]: String has an error at pos 806010. expected o got 
[19:25:32] [main.cpp:39] [BLT_ERROR]: String has an error at pos 818040. expected w got 
[19:25:32] [main.cpp:39] [BLT_ERROR]: String has an error at pos 830070. expected w got 
[19:25:32] [main.cpp:39] [BLT_ERROR]: String has an error at pos 842100. expected w got 
[19:25:32] [main.cpp:39] [BLT_ERROR]: String has an error at pos 854130. expected w got 
[19:25:32] [main.cpp:39] [BLT_ERROR]: String has an error at pos 866160. expected e got 
[19:25:32] [main.cpp:39] [BLT_ERROR]: String has an error at pos 878190. expected e got 
[19:25:32] [main.cpp:39] [BLT_ERROR]: String has an error at pos 890220. expected e got 
[19:25:32] [main.cpp:39] [BLT_ERROR]: String has an error at pos 902250. expected e got 
[19:25:32] [main.cpp:39] [BLT_ERROR]: String has an error at pos 914280. expected m got 
[19:25:32] [main.cpp:39] [BLT_ERROR]: String has an error at pos 926310. expected m got 
[19:25:32] [main.cpp:39] [BLT_ERROR]: String has an error at pos 938340. expected m got 
[19:25:32] [main.cpp:39] [BLT_ERROR]: String has an error at pos 950370. expected m got 
[19:25:32] [main.cpp:39] [BLT_ERROR]: String has an error at pos 962400. expected u got 
[19:25:32] [main.cpp:39] [BLT_ERROR]: String has an error at pos 974430. expected u got 
[19:25:32] [main.cpp:39] [BLT_ERROR]: String has an error at pos 986460. expected u got 
[19:25:32] [main.cpp:39] [BLT_ERROR]: String has an error at pos 998490. expected u got 
[19:25:32] [main.cpp:39] [BLT_ERROR]: String has an error at pos 1010520. expected c got 
[19:25:32] [main.cpp:39] [BLT_ERROR]: String has an error at pos 1022550. expected c got 
[19:25:32] [main.cpp:39] [BLT_ERROR]: String has an error at pos 1034580. expected c got 
[19:25:32] [main.cpp:39] [BLT_ERROR]: String has an error at pos 1046610. expected c got 
[19:25:32] [main.cpp:39] [BLT_ERROR]: String has an error at pos 1058640. expected k got 
[19:25:32] [main.cpp:39] [BLT_ERROR]: String has an error at pos 1070670. expected k got 
[19:25:32] [main.cpp:39] [BLT_ERROR]: String has an error at pos 1082700. expected k got 
[19:25:32] [main.cpp:39] [BLT_ERROR]: String has an error at pos 1094730. expected k got 
[19:25:32] [main.cpp:39] [BLT_ERROR]: String has an error at pos 1106760. expected s got 
[19:25:32] [main.cpp:39] [BLT_ERROR]: String has an error at pos 1118790. expected s got 
[19:25:32] [main.cpp:39] [BLT_ERROR]: String has an error at pos 1130820. expected w got 
[19:25:32] [main.cpp:39] [BLT_ERROR]: String has an error at pos 1142850. expected w got 
[19:25:32] [main.cpp:39] [BLT_ERROR]: String has an error at pos 1154880. expected c got 
[19:25:32] [main.cpp:39] [BLT_ERROR]: String has an error at pos 1166910. expected c got 
[19:25:32] [main.cpp:39] [BLT_ERROR]: String has an error at pos 1178940. expected g got 
[19:25:32] [main.cpp:39] [BLT_ERROR]: String has an error at pos 1190970. expected g got 
[19:25:32] [main.cpp:39] [BLT_ERROR]: String has an error at pos 1203000. expected k got 
[19:25:32] [main.cpp:39] [BLT_ERROR]: String has an error at pos 1215030. expected k got 
[19:25:32] [main.cpp:39] [BLT_ERROR]: String has an error at pos 1227060. expected o got 
[19:25:32] [main.cpp:39] [BLT_ERROR]: String has an error at pos 1239090. expected o got 
[19:25:32] [main.cpp:39] [BLT_ERROR]: String has an error at pos 1251120. expected s got 
[19:25:32] [main.cpp:39] [BLT_ERROR]: String has an error at pos 1263150. expected s got 
[19:25:32] [main.cpp:39] [BLT_ERROR]: String has an error at pos 1275180. expected w got 
[19:25:32] [main.cpp:39] [BLT_ERROR]: String has an error at pos 1287210. expected w got 
[19:25:32] [main.cpp:39] [BLT_ERROR]: String has an error at pos 1299240. expected a got 
[19:25:32] [main.cpp:39] [BLT_ERROR]: String has an error at pos 1311270. expected a got 
[19:25:32] [main.cpp:39] [BLT_ERROR]: String has an error at pos 1323300. expected e got 
[19:25:32] [main.cpp:39] [BLT_ERROR]: String has an error at pos 1335330. expected e got 
[19:25:32] [main.cpp:39] [BLT_ERROR]: String has an error at pos 1347360. expected i got 
[19:25:32] [main.cpp:39] [BLT_ERROR]: String has an error at pos 1359390. expected i got 
[19:25:32] [main.cpp:39] [BLT_ERROR]: String has an error at pos 1371420. expected m got 
[19:25:32] [main.cpp:39] [BLT_ERROR]: String has an error at pos 1383450. expected m got 
[19:25:32] [main.cpp:39] [BLT_ERROR]: String has an error at pos 1395480. expected q got 
[19:25:32] [main.cpp:39] [BLT_ERROR]: String has an error at pos 1407510. expected q got 
[19:25:32] [main.cpp:39] [BLT_ERROR]: String has an error at pos 1419540. expected u got 
[19:25:32] [main.cpp:39] [BLT_ERROR]: String has an error at pos 1431570. expected u got 
[19:25:32] [main.cpp:39] [BLT_ERROR]: String has an error at pos 1443600. expected y got 
[19:25:32] [main.cpp:39] [BLT_ERROR]: String has an error at pos 1455630. expected y got 
[19:25:32] [main.cpp:39] [BLT_ERROR]: String has an error at pos 1467660. expected c got 
[19:25:32] [main.cpp:39] [BLT_ERROR]: String has an error at pos 1479690. expected c got 
[19:25:32] [main.cpp:39] [BLT_ERROR]: String has an error at pos 1491720. expected g got 
[19:25:32] [main.cpp:39] [BLT_ERROR]: String has an error at pos 1503750. expected g got 
[19:25:32] [main.cpp:39] [BLT_ERROR]: String has an error at pos 1515780. expected g got 
[19:25:32] [main.cpp:39] [BLT_ERROR]: String has an error at pos 1527810. expected g got 
[19:25:32] [main.cpp:39] [BLT_ERROR]: String has an error at pos 1539840. expected q got 
[19:25:32] [main.cpp:39] [BLT_ERROR]: String has an error at pos 1551870. expected q got 
[19:25:32] [main.cpp:39] [BLT_ERROR]: String has an error at pos 1563900. expected q got 
[19:25:32] [main.cpp:39] [BLT_ERROR]: String has an error at pos 1575930. expected q got 
[19:25:32] [main.cpp:39] [BLT_ERROR]: String has an error at pos 1587960. expected y got 
[19:25:32] [main.cpp:39] [BLT_ERROR]: String has an error at pos 1599990. expected y got 
[19:25:32] [main.cpp:39] [BLT_ERROR]: String has an error at pos 1612020. expected y got 
[19:25:32] [main.cpp:39] [BLT_ERROR]: String has an error at pos 1624050. expected y got 
[19:25:32] [main.cpp:39] [BLT_ERROR]: String has an error at pos 1636080. expected g got 
[19:25:32] [main.cpp:39] [BLT_ERROR]: String has an error at pos 1648110. expected g got 
[19:25:32] [main.cpp:39] [BLT_ERROR]: String has an error at pos 1660140. expected g got 
[19:25:32] [main.cpp:39] [BLT_ERROR]: String has an error at pos 1672170. expected g got 
[19:25:32] [main.cpp:39] [BLT_ERROR]: String has an error at pos 1684200. expected o got 
[19:25:32] [main.cpp:39] [BLT_ERROR]: String has an error at pos 1696230. expected o got 
[19:25:32] [main.cpp:39] [BLT_ERROR]: String has an error at pos 1708260. expected o got 
[19:25:32] [main.cpp:39] [BLT_ERROR]: String has an error at pos 1720290. expected o got 
[19:25:32] [main.cpp:39] [BLT_ERROR]: String has an error at pos 1732320. expected w got 
[19:25:32] [main.cpp:39] [BLT_ERROR]: String has an error at pos 1744350. expected w got 
[19:25:32] [main.cpp:39] [BLT_ERROR]: String has an error at pos 1756380. expected w got 
[19:25:32] [main.cpp:39] [BLT_ERROR]: String has an error at pos 1768410. expected w got 
[19:25:32] [main.cpp:39] [BLT_ERROR]: String has an error at pos 1780440. expected e got 
[19:25:32] [main.cpp:39] [BLT_ERROR]: String has an error at pos 1792470. expected e got 
[19:25:32] [main.cpp:39] [BLT_ERROR]: String has an error at pos 1804500. expected e got 
[19:25:32] [main.cpp:39] [BLT_ERROR]: String has an error at pos 1816530. expected e got 
[19:25:32] [main.cpp:39] [BLT_ERROR]: String has an error at pos 1828560. expected m got 
[19:25:32] [main.cpp:39] [BLT_ERROR]: String has an error at pos 1840590. expected m got 
[19:25:32] [main.cpp:39] [BLT_ERROR]: String has an error at pos 1852620. expected m got 
[19:25:32] [main.cpp:39] [BLT_ERROR]: String has an error at pos 1864650. expected m got 
[19:25:32] [main.cpp:39] [BLT_ERROR]: String has an error at pos 1876680. expected u got 
[19:25:32] [main.cpp:39] [BLT_ERROR]: String has an error at pos 1888710. expected u got 
[19:25:32] [main.cpp:39] [BLT_ERROR]: String has an error at pos 1900740. expected y got 
[19:25:32] [main.cpp:39] [BLT_ERROR]: String has an error at pos 1912770. expected y got 
[19:25:32] [main.cpp:39] [BLT_ERROR]: String has an error at pos 1924800. expected e got 
[19:25:32] [main.cpp:39] [BLT_ERROR]: String has an error at pos 1936830. expected e got 
[19:25:32] [main.cpp:39] [BLT_ERROR]: String has an error at pos 1948860. expected i got 
[19:25:32] [main.cpp:39] [BLT_ERROR]: String has an error at pos 1960890. expected i got 
[19:25:32] [main.cpp:39] [BLT_ERROR]: String has an error at pos 1972920. expected m got 
[19:25:32] [main.cpp:39] [BLT_ERROR]: String has an error at pos 1984950. expected m got 
[19:25:32] [main.cpp:39] [BLT_ERROR]: String has an error at pos 1996980. expected q got 
[19:25:32] [main.cpp:39] [BLT_ERROR]: String has an error at pos 2009010. expected q got 
[19:25:32] [main.cpp:39] [BLT_ERROR]: String has an error at pos 2021040. expected u got 
[19:25:32] [main.cpp:39] [BLT_ERROR]: String has an error at pos 2033070. expected u got 
[19:25:32] [main.cpp:39] [BLT_ERROR]: String has an error at pos 2045100. expected y got 
[19:25:32] [main.cpp:39] [BLT_ERROR]: String has an error at pos 2057130. expected y got 
[19:25:32] [main.cpp:39] [BLT_ERROR]: String has an error at pos 2069160. expected c got 
[19:25:32] [main.cpp:39] [BLT_ERROR]: String has an error at pos 2081190. expected c got 
[19:25:32] [main.cpp:39] [BLT_ERROR]: String has an error at pos 2093220. expected g got 
[19:25:32] [main.cpp:39] [BLT_ERROR]: String has an error at pos 2105250. expected g got 
[19:25:32] [main.cpp:39] [BLT_ERROR]: String has an error at pos 2117280. expected k got 
[19:25:32] [main.cpp:39] [BLT_ERROR]: String has an error at pos 2129310. expected k got 
[19:25:32] [main.cpp:39] [BLT_ERROR]: String has an error at pos 2141340. expected o got 
[19:25:32] [main.cpp:39] [BLT_ERROR]: String has an error at pos 2153370. expected o got 
[19:25:32] [main.cpp:39] [BLT_ERROR]: String has an error at pos 2165400. expected s got 
[19:25:32] [main.cpp:39] [BLT_ERROR]: String has an error at pos 2177430. expected s got 
[19:25:32] [main.cpp:39] [BLT_ERROR]: String has an error at pos 2189460. expected w got 
[19:25:32] [main.cpp:39] [BLT_ERROR]: String has an error at pos 2201490. expected w got 
[19:25:32] [main.cpp:39] [BLT_ERROR]: String has an error at pos 2213520. expected a got 
[19:25:32] [main.cpp:39] [BLT_ERROR]: String has an error at pos 2225550. expected a got 
[19:25:32] [main.cpp:39] [BLT_ERROR]: String has an error at pos 2237580. expected e got 
[19:25:32] [main.cpp:39] [BLT_ERROR]: String has an error at pos 2249610. expected e got 
[19:25:32] [main.cpp:39] [BLT_ERROR]: String has an error at pos 2261640. expected i got 
[19:25:32] [main.cpp:39] [BLT_ERROR]: String has an error at pos 2273670. expected i got 
[19:25:32] [main.cpp:39] [BLT_ERROR]: String has an error at pos 2285700. expected i got 
[19:25:32] [main.cpp:39] [BLT_ERROR]: String has an error at pos 2297730. expected i got 
[19:25:32] [main.cpp:39] [BLT_ERROR]: String has an error at pos 2309760. expected s got 
[19:25:32] [main.cpp:39] [BLT_ERROR]: String has an error at pos 2321790. expected s got 
[19:25:32] [main.cpp:39] [BLT_ERROR]: String has an error at pos 2333820. expected s got 
[19:25:32] [main.cpp:39] [BLT_ERROR]: String has an error at pos 2345850. expected s got 
[19:25:32] [main.cpp:39] [BLT_ERROR]: String has an error at pos 2357880. expected a got 
[19:25:32] [main.cpp:39] [BLT_ERROR]: String has an error at pos 2369910. expected a got 
[19:25:32] [main.cpp:39] [BLT_ERROR]: String has an error at pos 2381940. expected a got 
[19:25:32] [main.cpp:39] [BLT_ERROR]: String has an error at pos 2393970. expected a got 
[19:25:32] [main.cpp:39] [BLT_ERROR]: String has an error at pos 2406000. expected i got 
[19:25:32] [main.cpp:39] [BLT_ERROR]: String has an error at pos 2418030. expected i got 
[19:25:32] [main.cpp:39] [BLT_ERROR]: String has an error at pos 2430060. expected i got 
[19:25:32] [main.cpp:39] [BLT_ERROR]: String has an error at pos 2442090. expected i got 
[19:25:32] [main.cpp:39] [BLT_ERROR]: String has an error at pos 2454120. expected q got 
[19:25:32] [main.cpp:39] [BLT_ERROR]: String has an error at pos 2466150. expected q got 
[19:25:32] [main.cpp:39] [BLT_ERROR]: String has an error at pos 2478180. expected q got 
[19:25:32] [main.cpp:39] [BLT_ERROR]: String has an error at pos 2490210. expected q got 
[19:25:32] [main.cpp:39] [BLT_ERROR]: String has an error at pos 2502240. expected y got 
[19:25:32] [main.cpp:39] [BLT_ERROR]: String has an error at pos 2514270. expected y got 
[19:25:32] [main.cpp:39] [BLT_ERROR]: String has an error at pos 2526300. expected y got 
[19:25:32] [main.cpp:39] [BLT_ERROR]: String has an error at pos 2538330. expected y got 
[19:25:32] [main.cpp:39] [BLT_ERROR]: String has an error at pos 2550360. expected g got 
[19:25:32] [main.cpp:39] [BLT_ERROR]: String has an error at pos 2562390. expected g got 
[19:25:32] [main.cpp:39] [BLT_ERROR]: String has an error at pos 2574420. expected g got 
[19:25:32] [main.cpp:39] [BLT_ERROR]: String has an error at pos 2586450. expected g got 
[19:25:32] [main.cpp:39] [BLT_ERROR]: String has an error at pos 2598480. expected o got 
[19:25:32] [main.cpp:39] [BLT_ERROR]: String has an error at pos 2610510. expected o got 
[19:25:32] [main.cpp:39] [BLT_ERROR]: String has an error at pos 2622540. expected o got 
[19:25:32] [main.cpp:39] [BLT_ERROR]: String has an error at pos 2634570. expected o got 
[19:25:32] [main.cpp:39] [BLT_ERROR]: String has an error at pos 2646600. expected w got 
[19:25:32] [main.cpp:39] [BLT_ERROR]: String has an error at pos 2658630. expected w got 
[19:25:32] [main.cpp:39] [BLT_ERROR]: String has an error at pos 2670660. expected a got 
[19:25:32] [main.cpp:39] [BLT_ERROR]: String has an error at pos 2682690. expected a got 
[19:25:32] [main.cpp:39] [BLT_ERROR]: String has an error at pos 2694720. expected g got 
[19:25:32] [main.cpp:39] [BLT_ERROR]: String has an error at pos 2706750. expected g got 
[19:25:32] [main.cpp:39] [BLT_ERROR]: String has an error at pos 2718780. expected k got 
[19:25:32] [main.cpp:39] [BLT_ERROR]: String has an error at pos 2730810. expected k got 
[19:25:32] [main.cpp:39] [BLT_ERROR]: String has an error at pos 2742840. expected o got 
[19:25:32] [main.cpp:39] [BLT_ERROR]: String has an error at pos 2754870. expected o got 
[19:25:32] [main.cpp:39] [BLT_ERROR]: String has an error at pos 2766900. expected s got 
[19:25:32] [main.cpp:39] [BLT_ERROR]: String has an error at pos 2778930. expected s got 
[19:25:32] [main.cpp:39] [BLT_ERROR]: String has an error at pos 2790960. expected w got 
[19:25:32] [main.cpp:39] [BLT_ERROR]: String has an error at pos 2802990. expected w got 
[19:25:32] [main.cpp:39] [BLT_ERROR]: String has an error at pos 2815020. expected a got 
[19:25:32] [main.cpp:39] [BLT_ERROR]: String has an error at pos 2827050. expected a got 
[19:25:32] [main.cpp:39] [BLT_ERROR]: String has an error at pos 2839080. expected e got 
[19:25:32] [main.cpp:39] [BLT_ERROR]: String has an error at pos 2851110. expected e got 
[19:25:32] [main.cpp:39] [BLT_ERROR]: String has an error at pos 2863140. expected i got 
[19:25:32] [main.cpp:39] [BLT_ERROR]: String has an error at pos 2875170. expected i got 
[19:25:32] [main.cpp:39] [BLT_ERROR]: String has an error at pos 2887200. expected m got 
[19:25:32] [main.cpp:39] [BLT_ERROR]: String has an error at pos 2899230. expected m got 
[19:25:32] [main.cpp:39] [BLT_ERROR]: String has an error at pos 2911260. expected q got 
[19:25:32] [main.cpp:39] [BLT_ERROR]: String has an error at pos 2923290. expected q got 
[19:25:32] [main.cpp:39] [BLT_ERROR]: String has an error at pos 2935320. expected u got 
[19:25:32] [main.cpp:39] [BLT_ERROR]: String has an error at pos 2947350. expected u got 
[19:25:32] [main.cpp:39] [BLT_ERROR]: String has an error at pos 2959380. expected y got 
[19:25:32] [main.cpp:39] [BLT_ERROR]: String has an error at pos 2971410. expected y got 
[19:25:32] [main.cpp:39] [BLT_ERROR]: String has an error at pos 2983440. expected c got 
[19:25:32] [main.cpp:39] [BLT_ERROR]: String has an error at pos 2995470. expected c got 
[19:25:32] [main.cpp:39] [BLT_ERROR]: String has an error at pos 3007500. expected g got 
[19:25:32] [main.cpp:39] [BLT_ERROR]: String has an error at pos 3019530. expected g got 
[19:25:32] [main.cpp:39] [BLT_ERROR]: String has an error at pos 3031560. expected k got 
[19:25:32] [main.cpp:39] [BLT_ERROR]: String has an error at pos 3043590. expected k got 
[19:25:32] [main.cpp:39] [BLT_ERROR]: String has an error at pos 3055620. expected k got 
[19:25:32] [main.cpp:39] [BLT_ERROR]: String has an error at pos 3067650. expected k got 
[19:25:32] [main.cpp:39] [BLT_ERROR]: String has an error at pos 3079680. expected u got 
[19:25:32] [main.cpp:39] [BLT_ERROR]: String has an error at pos 3091710. expected u got 
[19:25:32] [main.cpp:39] [BLT_ERROR]: String has an error at pos 3103740. expected u got 
[19:25:32] [main.cpp:39] [BLT_ERROR]: String has an error at pos 3115770. expected u got 
[19:25:32] [main.cpp:39] [BLT_ERROR]: String has an error at pos 3127800. expected c got 
[19:25:32] [main.cpp:39] [BLT_ERROR]: String has an error at pos 3139830. expected c got 
[19:25:32] [main.cpp:39] [BLT_ERROR]: String has an error at pos 3151860. expected c got 
[19:25:32] [main.cpp:39] [BLT_ERROR]: String has an error at pos 3163890. expected c got 
[19:25:32] [main.cpp:39] [BLT_ERROR]: String has an error at pos 3175920. expected k got 
[19:25:32] [main.cpp:39] [BLT_ERROR]: String has an error at pos 3187950. expected k got 
[19:25:32] [main.cpp:39] [BLT_ERROR]: String has an error at pos 3199980. expected k got 
[19:25:32] [main.cpp:39] [BLT_ERROR]: String has an error at pos 3212010. expected k got 
[19:25:32] [main.cpp:39] [BLT_ERROR]: String has an error at pos 3224040. expected s got 
[19:25:32] [main.cpp:39] [BLT_ERROR]: String has an error at pos 3236070. expected s got 
[19:25:32] [main.cpp:39] [BLT_ERROR]: String has an error at pos 3248100. expected s got 
[19:25:32] [main.cpp:39] [BLT_ERROR]: String has an error at pos 3260130. expected s got 
[19:25:32] [main.cpp:39] [BLT_ERROR]: String has an error at pos 3272160. expected a got 
[19:25:32] [main.cpp:39] [BLT_ERROR]: String has an error at pos 3284190. expected a got 
[19:25:32] [main.cpp:39] [BLT_ERROR]: String has an error at pos 3296220. expected a got 
[19:25:32] [main.cpp:39] [BLT_ERROR]: String has an error at pos 3308250. expected a got 
[19:25:32] [main.cpp:39] [BLT_ERROR]: String has an error at pos 3320280. expected i got 
[19:25:32] [main.cpp:39] [BLT_ERROR]: String has an error at pos 3332310. expected i got 
[19:25:32] [main.cpp:39] [BLT_ERROR]: String has an error at pos 3344340. expected i got 
[19:25:32] [main.cpp:39] [BLT_ERROR]: String has an error at pos 3356370. expected i got 
[19:25:32] [main.cpp:39] [BLT_ERROR]: String has an error at pos 3368400. expected q got 
[19:25:32] [main.cpp:39] [BLT_ERROR]: String has an error at pos 3380430. expected q got 
[19:25:32] [main.cpp:39] [BLT_ERROR]: String has an error at pos 3392460. expected q got 
[19:25:32] [main.cpp:39] [BLT_ERROR]: String has an error at pos 3404490. expected q got 
[19:25:32] [main.cpp:39] [BLT_ERROR]: String has an error at pos 3416520. expected y got 
[19:25:32] [main.cpp:39] [BLT_ERROR]: String has an error at pos 3428550. expected y got 
[19:25:32] [main.cpp:39] [BLT_ERROR]: String has an error at pos 3440580. expected e got 
[19:25:32] [main.cpp:39] [BLT_ERROR]: String has an error at pos 3452610. expected e got 
[19:25:32] [main.cpp:39] [BLT_ERROR]: String has an error at pos 3464640. expected i got 
[19:25:32] [main.cpp:39] [BLT_ERROR]: String has an error at pos 3476670. expected i got 
[19:25:32] [main.cpp:39] [BLT_ERROR]: String has an error at pos 3488700. expected m got 
[19:25:32] [main.cpp:39] [BLT_ERROR]: String has an error at pos 3500730. expected m got 
[19:25:32] [main.cpp:39] [BLT_ERROR]: String has an error at pos 3512760. expected q got 
[19:25:32] [main.cpp:39] [BLT_ERROR]: String has an error at pos 3524790. expected q got 
[19:25:32] [main.cpp:39] [BLT_ERROR]: String has an error at pos 3536820. expected u got 
[19:25:32] [main.cpp:39] [BLT_ERROR]: String has an error at pos 3548850. expected u got 
[19:25:32] [main.cpp:39] [BLT_ERROR]: String has an error at pos 3560880. expected y got 
[19:25:32] [main.cpp:39] [BLT_ERROR]: String has an error at pos 3572910. expected y got 
[19:25:32] [main.cpp:39] [BLT_ERROR]: String has an error at pos 3584940. expected c got 
[19:25:32] [main.cpp:39] [BLT_ERROR]: String has an error at pos 3596970. expected c got 
[19:25:32] [main.cpp:39] [BLT_ERROR]: String has an error at pos 3609000. expected g got 
[19:25:32] [main.cpp:39] [BLT_ERROR]: String has an error at pos 3621030. expected g got 
[19:25:32] [main.cpp:39] [BLT_ERROR]: String has an error at pos 3633060. expected k got 
[19:25:32] [main.cpp:39] [BLT_ERROR]: String has an error at pos 3645090. expected k got 
[19:25:32] [main.cpp:39] [BLT_ERROR]: String has an error at pos 3657120. expected o got 
[19:25:32] [main.cpp:39] [BLT_ERROR]: String has an error at pos 3669150. expected o got 
[19:25:32] [main.cpp:39] [BLT_ERROR]: String has an error at pos 3681180. expected s got 
[19:25:32] [main.cpp:39] [BLT_ERROR]: String has an error at pos 3693210. expected s got 
[19:25:32] [main.cpp:39] [BLT_ERROR]: String has an error at pos 3705240. expected w got 
[19:25:32] [main.cpp:39] [BLT_ERROR]: String has an error at pos 3717270. expected w got 
[19:25:32] [main.cpp:39] [BLT_ERROR]: String has an error at pos 3729300. expected a got 
[19:25:32] [main.cpp:39] [BLT_ERROR]: String has an error at pos 3741330. expected a got 
[19:25:32] [main.cpp:39] [BLT_ERROR]: String has an error at pos 3753360. expected e got 
[19:25:32] [main.cpp:39] [BLT_ERROR]: String has an error at pos 3765390. expected e got 
[19:25:32] [main.cpp:39] [BLT_ERROR]: String has an error at pos 3777420. expected i got 
[19:25:32] [main.cpp:39] [BLT_ERROR]: String has an error at pos 3789450. expected i got 
[19:25:32] [main.cpp:39] [BLT_ERROR]: String has an error at pos 3801480. expected m got 
[19:25:32] [main.cpp:39] [BLT_ERROR]: String has an error at pos 3813510. expected m got 
[19:25:32] [main.cpp:39] [BLT_ERROR]: String has an error at pos 3825540. expected m got 
[19:25:32] [main.cpp:39] [BLT_ERROR]: String has an error at pos 3837570. expected m got 
[19:25:32] [main.cpp:39] [BLT_ERROR]: String has an error at pos 3849600. expected w got 
[19:25:32] [main.cpp:39] [BLT_ERROR]: String has an error at pos 3861630. expected w got 
[19:25:32] [main.cpp:39] [BLT_ERROR]: String has an error at pos 3873660. expected w got 
[19:25:32] [main.cpp:39] [BLT_ERROR]: String has an error at pos 3885690. expected w got 
[19:25:32] [main.cpp:39] [BLT_ERROR]: String has an error at pos 3897720. expected e got 
[19:25:32] [main.cpp:39] [BLT_ERROR]: String has an error at pos 3909750. expected e got 
[19:25:32] [main.cpp:39] [BLT_ERROR]: String has an error at pos 3921780. expected e got 
[19:25:32] [main.cpp:39] [BLT_ERROR]: String has an error at pos 3933810. expected e got 
[19:25:32] [main.cpp:39] [BLT_ERROR]: String has an error at pos 3945840. expected m got 
[19:25:32] [main.cpp:39] [BLT_ERROR]: String has an error at pos 3957870. expected m got 
[19:25:32] [main.cpp:39] [BLT_ERROR]: String has an error at pos 3969900. expected m got 
[19:25:32] [main.cpp:39] [BLT_ERROR]: String has an error at pos 3981930. expected m got 
[19:25:32] [main.cpp:39] [BLT_ERROR]: String has an error at pos 3993960. expected u got 
[19:25:32] [main.cpp:39] [BLT_ERROR]: String has an error at pos 4005990. expected u got 
[19:25:32] [main.cpp:39] [BLT_ERROR]: String has an error at pos 4018020. expected u got 
[19:25:32] [main.cpp:39] [BLT_ERROR]: String has an error at pos 4030050. expected u got 
[19:25:32] [main.cpp:39] [BLT_ERROR]: String has an error at pos 4042080. expected c got 
[19:25:32] [main.cpp:39] [BLT_ERROR]: String has an error at pos 4054110. expected c got 
[19:25:32] [main.cpp:39] [BLT_ERROR]: String has an error at pos 4066140. expected c got 
[19:25:32] [main.cpp:39] [BLT_ERROR]: String has an error at pos 4078170. expected c got 
[19:25:32] [main.cpp:39] [BLT_ERROR]: String has an error at pos 4090200. expected k got 
[19:25:32] [main.cpp:39] [BLT_ERROR]: String has an error at pos 4102230. expected k got 
[19:25:32] [main.cpp:39] [BLT_ERROR]: String has an error at pos 4114260. expected k got 
[19:25:32] [main.cpp:39] [BLT_ERROR]: String has an error at pos 4126290. expected k got 
[19:25:32] [main.cpp:39] [BLT_ERROR]: String has an error at pos 4138320. expected s got 
[19:25:32] [main.cpp:39] [BLT_ERROR]: String has an error at pos 4150350. expected s got 
[19:25:32] [main.cpp:39] [BLT_ERROR]: String has an error at pos 4162380. expected s got 
[19:25:32] [main.cpp:39] [BLT_ERROR]: String has an error at pos 4174410. expected s got 
[19:25:32] [main.cpp:39] [BLT_ERROR]: String has an error at pos 4186440. expected a got 
[19:25:32] [main.cpp:39] [BLT_ERROR]: String has an error at pos 4198470. expected a got 
[19:25:32] [main.cpp:39] [BLT_ERROR]: String has an error at pos 4210500. expected g got 
[19:25:32] [main.cpp:39] [BLT_ERROR]: String has an error at pos 4222530. expected g got 
[19:25:32] [main.cpp:39] [BLT_ERROR]: String has an error at pos 4234560. expected k got 
[19:25:32] [main.cpp:39] [BLT_ERROR]: String has an error at pos 4246590. expected k got 
[19:25:32] [main.cpp:39] [BLT_ERROR]: String has an error at pos 4258620. expected o got 
[19:25:32] [main.cpp:39] [BLT_ERROR]: String has an error at pos 4270650. expected o got 
[19:25:32] [main.cpp:39] [BLT_ERROR]: String has an error at pos 4282680. expected s got 
[19:25:32] [main.cpp:39] [BLT_ERROR]: String has an error at pos 4294710. expected s got 
[19:25:32] [main.cpp:39] [BLT_ERROR]: String has an error at pos 4306740. expected w got 
[19:25:32] [main.cpp:39] [BLT_ERROR]: String has an error at pos 4318770. expected w got 
[19:25:32] [main.cpp:39] [BLT_ERROR]: String has an error at pos 4330800. expected a got 
[19:25:32] [main.cpp:39] [BLT_ERROR]: String has an error at pos 4342830. expected a got 
[19:25:32] [main.cpp:39] [BLT_ERROR]: String has an error at pos 4354860. expected e got 
[19:25:32] [main.cpp:39] [BLT_ERROR]: String has an error at pos 4366890. expected e got 
[19:25:32] [main.cpp:39] [BLT_ERROR]: String has an error at pos 4378920. expected i got 
[19:25:32] [main.cpp:39] [BLT_ERROR]: String has an error at pos 4390950. expected i got 
[19:25:32] [main.cpp:39] [BLT_ERROR]: String has an error at pos 4402980. expected m got 
[19:25:32] [main.cpp:39] [BLT_ERROR]: String has an error at pos 4415010. expected m got 
[19:25:32] [main.cpp:39] [BLT_ERROR]: String has an error at pos 4427040. expected q got 
[19:25:32] [main.cpp:39] [BLT_ERROR]: String has an error at pos 4439070. expected q got 
[19:25:32] [main.cpp:39] [BLT_ERROR]: String has an error at pos 4451100. expected u got 
[19:25:32] [main.cpp:39] [BLT_ERROR]: String has an error at pos 4463130. expected u got 
[19:25:32] [main.cpp:39] [BLT_ERROR]: String has an error at pos 4475160. expected y got 
[19:25:32] [main.cpp:39] [BLT_ERROR]: String has an error at pos 4487190. expected y got 
[19:25:32] [main.cpp:39] [BLT_ERROR]: String has an error at pos 4499220. expected c got 
[19:25:32] [main.cpp:39] [BLT_ERROR]: String has an error at pos 4511250. expected c got 
[19:25:32] [main.cpp:39] [BLT_ERROR]: String has an error at pos 4523280. expected g got 
[19:25:32] [main.cpp:39] [BLT_ERROR]: String has an error at pos 4535310. expected g got 
[19:25:32] [main.cpp:39] [BLT_ERROR]: String has an error at pos 4547340. expected k got 
[19:25:32] [main.cpp:39] [BLT_ERROR]: String has an error at pos 4559370. expected k got 
[19:25:32] [main.cpp:39] [BLT_ERROR]: String has an error at pos 4571400. expected o got 
[19:25:32] [main.cpp:39] [BLT_ERROR]: String has an error at pos 4583430. expected o got 
[19:25:32] [main.cpp:39] [BLT_ERROR]: String has an error at pos 4595460. expected o got 
[19:25:32] [main.cpp:39] [BLT_ERROR]: String has an error at pos 4607490. expected o got 
[19:25:32] [main.cpp:39] [BLT_ERROR]: String has an error at pos 4619520. expected y got 
[19:25:32] [main.cpp:39] [BLT_ERROR]: String has an error at pos 4631550. expected y got 
[19:25:32] [main.cpp:39] [BLT_ERROR]: String has an error at pos 4643580. expected y got 
[19:25:32] [main.cpp:39] [BLT_ERROR]: String has an error at pos 4655610. expected y got 
[19:25:32] [main.cpp:39] [BLT_ERROR]: String has an error at pos 4667640. expected g got 
[19:25:32] [main.cpp:39] [BLT_ERROR]: String has an error at pos 4679670. expected g got 
[19:25:32] [main.cpp:39] [BLT_ERROR]: String has an error at pos 4691700. expected g got 
[19:25:32] [main.cpp:39] [BLT_ERROR]: String has an error at pos 4703730. expected g got 
[19:25:32] [main.cpp:39] [BLT_ERROR]: String has an error at pos 4715760. expected o got 
[19:25:32] [main.cpp:39] [BLT_ERROR]: String has an error at pos 4727790. expected o got 
[19:25:32] [main.cpp:39] [BLT_ERROR]: String has an error at pos 4739820. expected o got 
[19:25:32] [main.cpp:39] [BLT_ERROR]: String has an error at pos 4751850. expected o got 
[19:25:32] [main.cpp:39] [BLT_ERROR]: String has an error at pos 4763880. expected w got 
[19:25:32] [main.cpp:39] [BLT_ERROR]: String has an error at pos 4775910. expected w got 
[19:25:32] [main.cpp:39] [BLT_ERROR]: String has an error at pos 4787940. expected w got 
[19:25:32] [main.cpp:39] [BLT_ERROR]: String has an error at pos 4799970. expected w got 
[19:25:32] [main.cpp:39] [BLT_ERROR]: String has an error at pos 4812000. expected e got 
[19:25:32] [main.cpp:39] [BLT_ERROR]: String has an error at pos 4824030. expected e got 
[19:25:32] [main.cpp:39] [BLT_ERROR]: String has an error at pos 4836060. expected e got 
[19:25:32] [main.cpp:39] [BLT_ERROR]: String has an error at pos 4848090. expected e got 
[19:25:32] [main.cpp:39] [BLT_ERROR]: String has an error at pos 4860120. expected m got 
[19:25:32] [main.cpp:39] [BLT_ERROR]: String has an error at pos 4872150. expected m got 
[19:25:32] [main.cpp:39] [BLT_ERROR]: String has an error at pos 4884180. expected m got 
[19:25:32] [main.cpp:39] [BLT_ERROR]: String has an error at pos 4896210. expected m got 
[19:25:32] [main.cpp:39] [BLT_ERROR]: String has an error at pos 4908240. expected u got 
[19:25:32] [main.cpp:39] [BLT_ERROR]: String has an error at pos 4920270. expected u got 
[19:25:32] [main.cpp:39] [BLT_ERROR]: String has an error at pos 4932300. expected u got 
[19:25:32] [main.cpp:39] [BLT_ERROR]: String has an error at pos 4944330. expected u got 
[19:25:32] [main.cpp:39] [BLT_ERROR]: String has an error at pos 4956360. expected c got 
[19:25:32] [main.cpp:39] [BLT_ERROR]: String has an error at pos 4968390. expected c got 
[19:25:32] [main.cpp:39] [BLT_ERROR]: String has an error at pos 4980420. expected i got 
[19:25:32] [main.cpp:39] [BLT_ERROR]: String has an error at pos 4992450. expected i got 
[19:25:32] [main.cpp:39] [BLT_ERROR]: String has an error at pos 5004480. expected m got 
[19:25:32] [main.cpp:39] [BLT_ERROR]: String has an error at pos 5016510. expected m got 
[19:25:32] [main.cpp:39] [BLT_ERROR]: String has an error at pos 5028540. expected q got 
[19:25:32] [main.cpp:39] [BLT_ERROR]: String has an error at pos 5040570. expected q got 
[19:25:32] [main.cpp:39] [BLT_ERROR]: String has an error at pos 5052600. expected u got 
[19:25:32] [main.cpp:39] [BLT_ERROR]: String has an error at pos 5064630. expected u got 
[19:25:32] [main.cpp:39] [BLT_ERROR]: String has an error at pos 5076660. expected y got 
[19:25:32] [main.cpp:39] [BLT_ERROR]: String has an error at pos 5088690. expected y got 
[19:25:32] [main.cpp:39] [BLT_ERROR]: String has an error at pos 5100720. expected c got 
[19:25:32] [main.cpp:39] [BLT_ERROR]: String has an error at pos 5112750. expected c got 
[19:25:32] [main.cpp:39] [BLT_ERROR]: String has an error at pos 5124780. expected g got 
[19:25:32] [main.cpp:39] [BLT_ERROR]: String has an error at pos 5136810. expected g got 
[19:25:32] [main.cpp:39] [BLT_ERROR]: String has an error at pos 5148840. expected k got 
[19:25:32] [main.cpp:39] [BLT_ERROR]: String has an error at pos 5160870. expected k got 
[19:25:32] [main.cpp:39] [BLT_ERROR]: String has an error at pos 5172900. expected o got 
[19:25:32] [main.cpp:39] [BLT_ERROR]: String has an error at pos 5184930. expected o got 
[19:25:32] [main.cpp:39] [BLT_ERROR]: String has an error at pos 5196960. expected s got 
[19:25:32] [main.cpp:39] [BLT_ERROR]: String has an error at pos 5208990. expected s got 
[19:25:32] [main.cpp:39] [BLT_ERROR]: String has an error at pos 5221020. expected w got 
[19:25:32] [main.cpp:39] [BLT_ERROR]: String has an error at pos 5233050. expected w got 
[19:25:32] [main.cpp:39] [BLT_ERROR]: String has an error at pos 5245080. expected a got 
[19:25:32] [main.cpp:39] [BLT_ERROR]: String has an error at pos 5257110. expected a got 
[19:25:32] [main.cpp:39] [BLT_ERROR]: String has an error at pos 5269140. expected e got 
[19:25:32] [main.cpp:39] [BLT_ERROR]: String has an error at pos 5281170. expected e got 
[19:25:32] [main.cpp:39] [BLT_ERROR]: String has an error at pos 5293200. expected i got 
[19:25:32] [main.cpp:39] [BLT_ERROR]: String has an error at pos 5305230. expected i got 
[19:25:32] [main.cpp:39] [BLT_ERROR]: String has an error at pos 5317260. expected m got 
[19:25:32] [main.cpp:39] [BLT_ERROR]: String has an error at pos 5329290. expected m got 
[19:25:32] [main.cpp:39] [BLT_ERROR]: String has an error at pos 5341320. expected q got 
[19:25:32] [main.cpp:39] [BLT_ERROR]: String has an error at pos 5353350. expected q got 
[19:25:32] [main.cpp:39] [BLT_ERROR]: String has an error at pos 5365380. expected q got 
[19:25:32] [main.cpp:39] [BLT_ERROR]: String has an error at pos 5377410. expected q got 
[19:25:32] [main.cpp:39] [BLT_ERROR]: String has an error at pos 5389440. expected a got 
[19:25:32] [main.cpp:39] [BLT_ERROR]: String has an error at pos 5401470. expected a got 
[19:25:32] [main.cpp:39] [BLT_ERROR]: String has an error at pos 5413500. expected a got 
[19:25:32] [main.cpp:39] [BLT_ERROR]: String has an error at pos 5425530. expected a got 
[19:25:32] [main.cpp:39] [BLT_ERROR]: String has an error at pos 5437560. expected i got 
[19:25:32] [main.cpp:39] [BLT_ERROR]: String has an error at pos 5449590. expected i got 
[19:25:32] [main.cpp:39] [BLT_ERROR]: String has an error at pos 5461620. expected i got 
[19:25:32] [main.cpp:39] [BLT_ERROR]: String has an error at pos 5473650. expected i got 
[19:25:32] [main.cpp:39] [BLT_ERROR]: String has an error at pos 5485680. expected q got 
[19:25:32] [main.cpp:39] [BLT_ERROR]: String has an error at pos 5497710. expected q got 
[19:25:32] [main.cpp:39] [BLT_ERROR]: String has an error at pos 5509740. expected q got 
[19:25:32] [main.cpp:39] [BLT_ERROR]: String has an error at pos 5521770. expected q got 
[19:25:32] [main.cpp:39] [BLT_ERROR]: String has an error at pos 5533800. expected y got 
[19:25:32] [main.cpp:39] [BLT_ERROR]: String has an error at pos 5545830. expected y got 
[19:25:32] [main.cpp:39] [BLT_ERROR]: String has an error at pos 5557860. expected y got 
[19:25:33] [main.cpp:39] [BLT_ERROR]: String has an error at pos 5569890. expected y got 
[19:25:33] [main.cpp:39] [BLT_ERROR]: String has an error at pos 5581920. expected g got 
[19:25:33] [main.cpp:39] [BLT_ERROR]: String has an error at pos 5593950. expected g got 
[19:25:33] [main.cpp:39] [BLT_ERROR]: String has an error at pos 5605980. expected g got 
[19:25:33] [main.cpp:39] [BLT_ERROR]: String has an error at pos 5618010. expected g got 
[19:25:33] [main.cpp:39] [BLT_ERROR]: String has an error at pos 5630040. expected o got 
[19:25:33] [main.cpp:39] [BLT_ERROR]: String has an error at pos 5642070. expected o got 
[19:25:33] [main.cpp:39] [BLT_ERROR]: String has an error at pos 5654100. expected o got 
[19:25:33] [main.cpp:39] [BLT_ERROR]: String has an error at pos 5666130. expected o got 
[19:25:33] [main.cpp:39] [BLT_ERROR]: String has an error at pos 5678160. expected w got 
[19:25:33] [main.cpp:39] [BLT_ERROR]: String has an error at pos 5690190. expected w got 
[19:25:33] [main.cpp:39] [BLT_ERROR]: String has an error at pos 5702220. expected w got 
[19:25:33] [main.cpp:39] [BLT_ERROR]: String has an error at pos 5714250. expected w got 
[19:25:33] [main.cpp:39] [BLT_ERROR]: String has an error at pos 5726280. expected e got 
[19:25:33] [main.cpp:39] [BLT_ERROR]: String has an error at pos 5738310. expected e got 
[19:25:33] [main.cpp:39] [BLT_ERROR]: String has an error at pos 5750340. expected k got 
[19:25:33] [main.cpp:39] [BLT_ERROR]: String has an error at pos 5762370. expected k got 
[19:25:33] [main.cpp:39] [BLT_ERROR]: String has an error at pos 5774400. expected o got 
[19:25:33] [main.cpp:39] [BLT_ERROR]: String has an error at pos 5786430. expected o got 
[19:25:33] [main.cpp:39] [BLT_ERROR]: String has an error at pos 5798460. expected s got 
[19:25:33] [main.cpp:39] [BLT_ERROR]: String has an error at pos 5810490. expected s got 
[19:25:33] [main.cpp:39] [BLT_ERROR]: String has an error at pos 5822520. expected w got 
[19:25:33] [main.cpp:39] [BLT_ERROR]: String has an error at pos 5834550. expected w got 
[19:25:33] [main.cpp:39] [BLT_ERROR]: String has an error at pos 5846580. expected a got 
[19:25:33] [main.cpp:39] [BLT_ERROR]: String has an error at pos 5858610. expected a got 
[19:25:33] [main.cpp:39] [BLT_ERROR]: String has an error at pos 5870640. expected e got 
[19:25:33] [main.cpp:39] [BLT_ERROR]: String has an error at pos 5882670. expected e got 
[19:25:33] [main.cpp:39] [BLT_ERROR]: String has an error at pos 5894700. expected i got 
[19:25:33] [main.cpp:39] [BLT_ERROR]: String has an error at pos 5906730. expected i got 
[19:25:33] [main.cpp:39] [BLT_ERROR]: String has an error at pos 5918760. expected m got 
[19:25:33] [main.cpp:39] [BLT_ERROR]: String has an error at pos 5930790. expected m got 
[19:25:33] [main.cpp:39] [BLT_ERROR]: String has an error at pos 5942820. expected q got 
[19:25:33] [main.cpp:39] [BLT_ERROR]: String has an error at pos 5954850. expected q got 
[19:25:33] [main.cpp:39] [BLT_ERROR]: String has an error at pos 5966880. expected u got 
[19:25:33] [main.cpp:39] [BLT_ERROR]: String has an error at pos 5978910. expected u got 
[19:25:33] [main.cpp:39] [BLT_ERROR]: String has an error at pos 5990940. expected y got 
[19:25:33] [main.cpp:39] [BLT_ERROR]: String has an error at pos 6002970. expected y got 
[19:25:33] [main.cpp:39] [BLT_ERROR]: String has an error at pos 6015000. expected c got 
[19:25:33] [main.cpp:39] [BLT_ERROR]: String has an error at pos 6027030. expected c got 
[19:25:33] [main.cpp:39] [BLT_ERROR]: String has an error at pos 6039060. expected g got 
[19:25:33] [main.cpp:39] [BLT_ERROR]: String has an error at pos 6051090. expected g got 
[19:25:33] [main.cpp:39] [BLT_ERROR]: String has an error at pos 6063120. expected k got 
[19:25:33] [main.cpp:39] [BLT_ERROR]: String has an error at pos 6075150. expected k got 
[19:25:33] [main.cpp:39] [BLT_ERROR]: String has an error at pos 6087180. expected o got 
[19:25:33] [main.cpp:39] [BLT_ERROR]: String has an error at pos 6099210. expected o got 
[19:25:33] [main.cpp:39] [BLT_ERROR]: String has an error at pos 6111240. expected ‘ got 
[19:25:33] [main.cpp:39] [BLT_ERROR]: String has an error at pos 6123270. expected o got 
[19:25:33] [main.cpp:39] [BLT_ERROR]: String has an error at pos 6135300. expected o got 
[19:25:33] [main.cpp:39] [BLT_ERROR]: String has an error at pos 6147330. expected o got 
[19:25:33] [main.cpp:39] [BLT_ERROR]: String has an error at pos 6159360. expected c got 
[19:25:33] [main.cpp:39] [BLT_ERROR]: String has an error at pos 6171390. expected c got 
[19:25:33] [main.cpp:39] [BLT_ERROR]: String has an error at pos 6183420. expected c got 
[19:25:33] [main.cpp:39] [BLT_ERROR]: String has an error at pos 6195450. expected c got 
[19:25:33] [main.cpp:39] [BLT_ERROR]: String has an error at pos 6207480. expected k got 
[19:25:33] [main.cpp:39] [BLT_ERROR]: String has an error at pos 6219510. expected k got 
[19:25:33] [main.cpp:39] [BLT_ERROR]: String has an error at pos 6231540. expected k got 
[19:25:33] [main.cpp:39] [BLT_ERROR]: String has an error at pos 6243570. expected k got 
[19:25:33] [main.cpp:39] [BLT_ERROR]: String has an error at pos 6255600. expected s got 
[19:25:33] [main.cpp:39] [BLT_ERROR]: String has an error at pos 6267630. expected s got 
[19:25:33] [main.cpp:39] [BLT_ERROR]: String has an error at pos 6279660. expected s got 
[19:25:33] [main.cpp:39] [BLT_ERROR]: String has an error at pos 6291690. expected s got 
[19:25:33] [main.cpp:39] [BLT_ERROR]: String has an error at pos 6303720. expected a got 
[19:25:33] [main.cpp:39] [BLT_ERROR]: String has an error at pos 6315750. expected a got 
[19:25:33] [main.cpp:39] [BLT_ERROR]: String has an error at pos 6327780. expected a got 
[19:25:33] [main.cpp:39] [BLT_ERROR]: String has an error at pos 6339810. expected a got 
[19:25:33] [main.cpp:39] [BLT_ERROR]: String has an error at pos 6351840. expected i got 
[19:25:33] [main.cpp:39] [BLT_ERROR]: String has an error at pos 6363870. expected i got 
[19:25:33] [main.cpp:39] [BLT_ERROR]: String has an error at pos 6375900. expected i got 
[19:25:33] [main.cpp:39] [BLT_ERROR]: String has an error at pos 6387930. expected i got 
[19:25:33] [main.cpp:39] [BLT_ERROR]: String has an error at pos 6399960. expected q got 
[19:25:33] [main.cpp:39] [BLT_ERROR]: String has an error at pos 6411990. expected q got 
[19:25:33] [main.cpp:39] [BLT_ERROR]: String has an error at pos 6424020. expected q got 
[19:25:33] [main.cpp:39] [BLT_ERROR]: String has an error at pos 6436050. expected q got 
[19:25:33] [main.cpp:39] [BLT_ERROR]: String has an error at pos 6448080. expected y got 
[19:25:33] [main.cpp:39] [BLT_ERROR]: String has an error at pos 6460110. expected y got 
[19:25:33] [main.cpp:39] [BLT_ERROR]: String has an error at pos 6472140. expected c got 
[19:25:33] [main.cpp:39] [BLT_ERROR]: String has an error at pos 6484170. expected c got 
[19:25:33] [main.cpp:39] [BLT_ERROR]: String has an error at pos 6496200. expected i got 
[19:25:33] [main.cpp:39] [BLT_ERROR]: String has an error at pos 6508230. expected i got 
[19:25:33] [main.cpp:39] [BLT_ERROR]: String has an error at pos 6520260. expected m got 
[19:25:33] [main.cpp:39] [BLT_ERROR]: String has an error at pos 6532290. expected m got 
[19:25:33] [main.cpp:39] [BLT_ERROR]: String has an error at pos 6544320. expected q got 
[19:25:33] [main.cpp:39] [BLT_ERROR]: String has an error at pos 6556350. expected q got 
[19:25:33] [main.cpp:39] [BLT_ERROR]: String has an error at pos 6568380. expected u got 
[19:25:33] [main.cpp:39] [BLT_ERROR]: String has an error at pos 6580410. expected u got 
[19:25:33] [main.cpp:39] [BLT_ERROR]: String has an error at pos 6592440. expected y got 
[19:25:33] [main.cpp:39] [BLT_ERROR]: String has an error at pos 6604470. expected y got 
[19:25:33] [main.cpp:39] [BLT_ERROR]: String has an error at pos 6616500. expected c got 
[19:25:33] [main.cpp:39] [BLT_ERROR]: String has an error at pos 6628530. expected c got 
[19:25:33] [main.cpp:39] [BLT_ERROR]: String has an error at pos 6640560. expected g got 
[19:25:33] [main.cpp:39] [BLT_ERROR]: String has an error at pos 6652590. expected g got 
[19:25:33] [main.cpp:39] [BLT_ERROR]: String has an error at pos 6664620. expected k got 
[19:25:33] [main.cpp:39] [BLT_ERROR]: String has an error at pos 6676650. expected k got 
[19:25:33] [main.cpp:39] [BLT_ERROR]: String has an error at pos 6688680. expected o got 
[19:25:33] [main.cpp:39] [BLT_ERROR]: String has an error at pos 6700710. expected o got 
[19:25:33] [main.cpp:39] [BLT_ERROR]: String has an error at pos 6712740. expected s got 
[19:25:33] [main.cpp:39] [BLT_ERROR]: String has an error at pos 6724770. expected s got 
[19:25:33] [main.cpp:39] [BLT_ERROR]: String has an error at pos 6736800. expected w got 
[19:25:33] [main.cpp:39] [BLT_ERROR]: String has an error at pos 6748830. expected w got 
[19:25:33] [main.cpp:39] [BLT_ERROR]: String has an error at pos 6760860. expected a got 
[19:25:33] [main.cpp:39] [BLT_ERROR]: String has an error at pos 6772890. expected a got 
[19:25:33] [main.cpp:39] [BLT_ERROR]: String has an error at pos 6784920. expected e got 
[19:25:33] [main.cpp:39] [BLT_ERROR]: String has an error at pos 6796950. expected e got 
[19:25:33] [main.cpp:39] [BLT_ERROR]: String has an error at pos 6808980. expected i got 
[19:25:33] [main.cpp:39] [BLT_ERROR]: String has an error at pos 6821010. expected i got 
[19:25:33] [main.cpp:39] [BLT_ERROR]: String has an error at pos 6833040. expected m got 
[19:25:33] [main.cpp:39] [BLT_ERROR]: String has an error at pos 6845070. expected m got 
[19:25:33] [main.cpp:39] [BLT_ERROR]: String has an error at pos 6857100. expected m got 
[19:25:33] [main.cpp:39] [BLT_ERROR]: String has an error at pos 6869130. expected m got 
[19:25:33] [main.cpp:39] [BLT_ERROR]: String has an error at pos 6881160. expected w got 
[19:25:33] [main.cpp:39] [BLT_ERROR]: String has an error at pos 6893190. expected w got 
[19:25:33] [main.cpp:39] [BLT_ERROR]: String has an error at pos 6905220. expected w got 
[19:25:33] [main.cpp:39] [BLT_ERROR]: String has an error at pos 6917250. expected w got 
[19:25:33] [main.cpp:39] [BLT_ERROR]: String has an error at pos 6929280. expected e got 
[19:25:33] [main.cpp:39] [BLT_ERROR]: String has an error at pos 6941310. expected e got 
[19:25:33] [main.cpp:39] [BLT_ERROR]: String has an error at pos 6953340. expected e got 
[19:25:33] [main.cpp:39] [BLT_ERROR]: String has an error at pos 6965370. expected e got 
[19:25:33] [main.cpp:39] [BLT_ERROR]: String has an error at pos 6977400. expected m got 
[19:25:33] [main.cpp:39] [BLT_ERROR]: String has an error at pos 6989430. expected m got 
[19:25:33] [main.cpp:39] [BLT_ERROR]: String has an error at pos 7001460. expected m got 
[19:25:33] [main.cpp:39] [BLT_ERROR]: String has an error at pos 7013490. expected m got 
[19:25:33] [main.cpp:39] [BLT_ERROR]: String has an error at pos 7025520. expected u got 
[19:25:33] [main.cpp:39] [BLT_ERROR]: String has an error at pos 7037550. expected u got 
[19:25:33] [main.cpp:39] [BLT_ERROR]: String has an error at pos 7049580. expected u got 
[19:25:33] [main.cpp:39] [BLT_ERROR]: String has an error at pos 7061610. expected u got 
[19:25:33] [main.cpp:39] [BLT_ERROR]: String has an error at pos 7073640. expected c got 
[19:25:33] [main.cpp:39] [BLT_ERROR]: String has an error at pos 7085670. expected c got 
[19:25:33] [main.cpp:39] [BLT_ERROR]: String has an error at pos 7097700. expected c got 
[19:25:33] [main.cpp:39] [BLT_ERROR]: String has an error at pos 7109730. expected c got 
[19:25:33] [main.cpp:39] [BLT_ERROR]: String has an error at pos 7121760. expected k got 
[19:25:33] [main.cpp:39] [BLT_ERROR]: String has an error at pos 7133790. expected k got 
[19:25:33] [main.cpp:39] [BLT_ERROR]: String has an error at pos 7145820. expected k got 
[19:25:33] [main.cpp:39] [BLT_ERROR]: String has an error at pos 7157850. expected k got 
[19:25:33] [main.cpp:39] [BLT_ERROR]: String has an error at pos 7169880. expected s got 
[19:25:33] [main.cpp:39] [BLT_ERROR]: String has an error at pos 7181910. expected s got 
[19:25:33] [main.cpp:39] [BLT_ERROR]: String has an error at pos 7193940. expected s got 
[19:25:33] [main.cpp:39] [BLT_ERROR]: String has an error at pos 7205970. expected s got 
[19:25:33] [main.cpp:39] [BLT_ERROR]: String has an error at pos 7218000. expected a got 
[19:25:33] [main.cpp:39] [BLT_ERROR]: String has an error at pos 7230030. expected a got 
[19:25:33] [main.cpp:39] [BLT_ERROR]: String has an error at pos 7242060. expected e got 
[19:25:33] [main.cpp:39] [BLT_ERROR]: String has an error at pos 7254090. expected e got 
[19:25:33] [main.cpp:39] [BLT_ERROR]: String has an error at pos 7266120. expected k got 
[19:25:33] [main.cpp:39] [BLT_ERROR]: String has an error at pos 7278150. expected k got 
[19:25:33] [main.cpp:39] [BLT_ERROR]: String has an error at pos 7290180. expected o got 
[19:25:33] [main.cpp:39] [BLT_ERROR]: String has an error at pos 7302210. expected o got 
[19:25:33] [main.cpp:39] [BLT_ERROR]: String has an error at pos 7314240. expected s got 
[19:25:33] [main.cpp:39] [BLT_ERROR]: String has an error at pos 7326270. expected s got 
[19:25:33] [main.cpp:39] [BLT_ERROR]: String has an error at pos 7338300. expected w got 
[19:25:33] [main.cpp:39] [BLT_ERROR]: String has an error at pos 7350330. expected w got 
[19:25:33] [main.cpp:39] [BLT_ERROR]: String has an error at pos 7362360. expected a got 
[19:25:33] [main.cpp:39] [BLT_ERROR]: String has an error at pos 7374390. expected a got 
[19:25:33] [main.cpp:39] [BLT_ERROR]: String has an error at pos 7386420. expected e got 
[19:25:33] [main.cpp:39] [BLT_ERROR]: String has an error at pos 7398450. expected e got 
[19:25:33] [main.cpp:39] [BLT_ERROR]: String has an error at pos 7410480. expected i got 
[19:25:33] [main.cpp:39] [BLT_ERROR]: String has an error at pos 7422510. expected i got 
[19:25:33] [main.cpp:39] [BLT_ERROR]: String has an error at pos 7434540. expected m got 
[19:25:33] [main.cpp:39] [BLT_ERROR]: String has an error at pos 7446570. expected m got 
[19:25:33] [main.cpp:39] [BLT_ERROR]: String has an error at pos 7458600. expected q got 
[19:25:33] [main.cpp:39] [BLT_ERROR]: String has an error at pos 7470630. expected q got 
[19:25:33] [main.cpp:39] [BLT_ERROR]: String has an error at pos 7482660. expected u got 
[19:25:33] [main.cpp:39] [BLT_ERROR]: String has an error at pos 7494690. expected u got 
[19:25:33] [main.cpp:39] [BLT_ERROR]: String has an error at pos 7506720. expected y got 
[19:25:33] [main.cpp:39] [BLT_ERROR]: String has an error at pos 7518750. expected y got 
[19:25:33] [main.cpp:39] [BLT_ERROR]: String has an error at pos 7530780. expected c got 
[19:25:33] [main.cpp:39] [BLT_ERROR]: String has an error at pos 7542810. expected c got 
[19:25:33] [main.cpp:39] [BLT_ERROR]: String has an error at pos 7554840. expected g got 
[19:25:33] [main.cpp:39] [BLT_ERROR]: String has an error at pos 7566870. expected g got 
[19:25:33] [main.cpp:39] [BLT_ERROR]: String has an error at pos 7578900. expected k got 
[19:25:33] [main.cpp:39] [BLT_ERROR]: String has an error at pos 7590930. expected k got 
[19:25:33] [main.cpp:39] [BLT_ERROR]: String has an error at pos 7602960. expected o got 
[19:25:33] [main.cpp:39] [BLT_ERROR]: String has an error at pos 7614990. expected o got 
[19:25:33] [main.cpp:39] [BLT_ERROR]: String has an error at pos 7627020. expected o got 
[19:25:33] [main.cpp:39] [BLT_ERROR]: String has an error at pos 7639050. expected o got 
[19:25:33] [main.cpp:39] [BLT_ERROR]: String has an error at pos 7651080. expected y got 
[19:25:33] [main.cpp:39] [BLT_ERROR]: String has an error at pos 7663110. expected y got 
[19:25:33] [main.cpp:39] [BLT_ERROR]: String has an error at pos 7675140. expected y got 
[19:25:33] [main.cpp:39] [BLT_ERROR]: String has an error at pos 7687170. expected y got 
[19:25:33] [main.cpp:39] [BLT_ERROR]: String has an error at pos 7699200. expected g got 
[19:25:33] [main.cpp:39] [BLT_ERROR]: String has an error at pos 7711230. expected g got 
[19:25:33] [main.cpp:39] [BLT_ERROR]: String has an error at pos 7723260. expected g got 
[19:25:33] [main.cpp:39] [BLT_ERROR]: String has an error at pos 7735290. expected g got 
[19:25:33] [main.cpp:39] [BLT_ERROR]: String has an error at pos 7747320. expected o got 
[19:25:33] [main.cpp:39] [BLT_ERROR]: String has an error at pos 7759350. expected o got 
[19:25:33] [main.cpp:39] [BLT_ERROR]: String has an error at pos 7771380. expected o got 
[19:25:33] [main.cpp:39] [BLT_ERROR]: String has an error at pos 7783410. expected o got 
[19:25:33] [main.cpp:39] [BLT_ERROR]: String has an error at pos 7795440. expected w got 
[19:25:33] [main.cpp:39] [BLT_ERROR]: String has an error at pos 7807470. expected w got 
[19:25:33] [main.cpp:39] [BLT_ERROR]: String has an error at pos 7819500. expected w got 
[19:25:33] [main.cpp:39] [BLT_ERROR]: String has an error at pos 7831530. expected w got 
[19:25:33] [main.cpp:39] [BLT_ERROR]: String has an error at pos 7843560. expected e got 
[19:25:33] [main.cpp:39] [BLT_ERROR]: String has an error at pos 7855590. expected e got 
[19:25:33] [main.cpp:39] [BLT_ERROR]: String has an error at pos 7867620. expected e got 
[19:25:33] [main.cpp:39] [BLT_ERROR]: String has an error at pos 7879650. expected e got 
[19:25:33] [main.cpp:39] [BLT_ERROR]: String has an error at pos 7891680. expected m got 
[19:25:33] [main.cpp:39] [BLT_ERROR]: String has an error at pos 7903710. expected m got 
[19:25:33] [main.cpp:39] [BLT_ERROR]: String has an error at pos 7915740. expected m got 
[19:25:33] [main.cpp:39] [BLT_ERROR]: String has an error at pos 7927770. expected m got 
[19:25:33] [main.cpp:39] [BLT_ERROR]: String has an error at pos 7939800. expected u got 
[19:25:33] [main.cpp:39] [BLT_ERROR]: String has an error at pos 7951830. expected u got 
[19:25:33] [main.cpp:39] [BLT_ERROR]: String has an error at pos 7963860. expected u got 
[19:25:33] [main.cpp:39] [BLT_ERROR]: String has an error at pos 7975890. expected u got 
[19:25:33] [main.cpp:39] [BLT_ERROR]: String has an error at pos 7987920. expected c got 
[19:25:33] [main.cpp:39] [BLT_ERROR]: String has an error at pos 7999950. expected c got 
[19:25:33] [main.cpp:39] [BLT_ERROR]: String has an error at pos 8011980. expected g got 
[19:25:33] [main.cpp:39] [BLT_ERROR]: String has an error at pos 8024010. expected g got 
[19:25:33] [main.cpp:39] [BLT_ERROR]: String has an error at pos 8036040. expected m got 
[19:25:33] [main.cpp:39] [BLT_ERROR]: String has an error at pos 8048070. expected m got 
[19:25:33] [main.cpp:39] [BLT_ERROR]: String has an error at pos 8060100. expected q got 
[19:25:33] [main.cpp:39] [BLT_ERROR]: String has an error at pos 8072130. expected q got 
[19:25:33] [main.cpp:39] [BLT_ERROR]: String has an error at pos 8084160. expected u got 
[19:25:33] [main.cpp:39] [BLT_ERROR]: String has an error at pos 8096190. expected u got 
[19:25:33] [main.cpp:39] [BLT_ERROR]: String has an error at pos 8108220. expected y got 
[19:25:33] [main.cpp:39] [BLT_ERROR]: String has an error at pos 8120250. expected y got 
[19:25:33] [main.cpp:39] [BLT_ERROR]: String has an error at pos 8132280. expected c got 
[19:25:33] [main.cpp:39] [BLT_ERROR]: String has an error at pos 8144310. expected c got 
[19:25:33] [main.cpp:39] [BLT_ERROR]: String has an error at pos 8156340. expected g got 
[19:25:33] [main.cpp:39] [BLT_ERROR]: String has an error at pos 8168370. expected g got 
[19:25:33] [main.cpp:39] [BLT_ERROR]: String has an error at pos 8180400. expected k got 
[19:25:33] [main.cpp:39] [BLT_ERROR]: String has an error at pos 8192430. expected k got 
[19:25:33] [main.cpp:39] [BLT_ERROR]: String has an error at pos 8204460. expected o got 
[19:25:34] [main.cpp:39] [BLT_ERROR]: String has an error at pos 8216490. expected o got 
[19:25:34] [main.cpp:39] [BLT_ERROR]: String has an error at pos 8228520. expected s got 
[19:25:34] [main.cpp:39] [BLT_ERROR]: String has an error at pos 8240550. expected s got 
[19:25:34] [main.cpp:39] [BLT_ERROR]: String has an error at pos 8252580. expected w got 
[19:25:34] [main.cpp:39] [BLT_ERROR]: String has an error at pos 8264610. expected w got 
[19:25:34] [main.cpp:39] [BLT_ERROR]: String has an error at pos 8276640. expected a got 
[19:25:34] [main.cpp:39] [BLT_ERROR]: String has an error at pos 8288670. expected a got 
[19:25:34] [main.cpp:39] [BLT_ERROR]: String has an error at pos 8300700. expected e got 
[19:25:34] [main.cpp:39] [BLT_ERROR]: String has an error at pos 8312730. expected e got 
[19:25:34] [main.cpp:39] [BLT_ERROR]: String has an error at pos 8324760. expected i got 
[19:25:34] [main.cpp:39] [BLT_ERROR]: String has an error at pos 8336790. expected i got 
[19:25:34] [main.cpp:39] [BLT_ERROR]: String has an error at pos 8348820. expected m got 
[19:25:34] [main.cpp:39] [BLT_ERROR]: String has an error at pos 8360850. expected m got 
[19:25:34] [main.cpp:39] [BLT_ERROR]: String has an error at pos 8372880. expected q got 
[19:25:34] [main.cpp:39] [BLT_ERROR]: String has an error at pos 8384910. expected q got 
[19:25:34] [main.cpp:39] [BLT_ERROR]: String has an error at pos 8396940. expected q got 
[19:25:34] [main.cpp:39] [BLT_ERROR]: String has an error at pos 8408970. expected q got 
[19:25:34] [main.cpp:39] [BLT_ERROR]: String has an error at pos 8421000. expected a got 
[19:25:34] [main.cpp:39] [BLT_ERROR]: String has an error at pos 8433030. expected a got 
[19:25:34] [main.cpp:39] [BLT_ERROR]: String has an error at pos 8445060. expected a got 
[19:25:34] [main.cpp:39] [BLT_ERROR]: String has an error at pos 8457090. expected a got 
[19:25:34] [main.cpp:39] [BLT_ERROR]: String has an error at pos 8469120. expected i got 
[19:25:34] [main.cpp:39] [BLT_ERROR]: String has an error at pos 8481150. expected i got 
[19:25:34] [main.cpp:39] [BLT_ERROR]: String has an error at pos 8493180. expected i got 
[19:25:34] [main.cpp:39] [BLT_ERROR]: String has an error at pos 8505210. expected i got 
[19:25:34] [main.cpp:39] [BLT_ERROR]: String has an error at pos 8517240. expected q got 
[19:25:34] [main.cpp:39] [BLT_ERROR]: String has an error at pos 8529270. expected q got 
[19:25:34] [main.cpp:39] [BLT_ERROR]: String has an error at pos 8541300. expected q got 
[19:25:34] [main.cpp:39] [BLT_ERROR]: String has an error at pos 8553330. expected q got 
[19:25:34] [main.cpp:39] [BLT_ERROR]: String has an error at pos 8565360. expected y got 
[19:25:34] [main.cpp:39] [BLT_ERROR]: String has an error at pos 8577390. expected y got 
[19:25:34] [main.cpp:39] [BLT_ERROR]: String has an error at pos 8589420. expected y got 
[19:25:34] [main.cpp:39] [BLT_ERROR]: String has an error at pos 8601450. expected y got 
[19:25:34] [main.cpp:39] [BLT_ERROR]: String has an error at pos 8613480. expected g got 
[19:25:34] [main.cpp:39] [BLT_ERROR]: String has an error at pos 8625510. expected g got 
[19:25:34] [main.cpp:39] [BLT_ERROR]: String has an error at pos 8637540. expected g got 
[19:25:34] [main.cpp:39] [BLT_ERROR]: String has an error at pos 8649570. expected g got 
[19:25:34] [main.cpp:39] [BLT_ERROR]: String has an error at pos 8661600. expected o got 
[19:25:34] [main.cpp:39] [BLT_ERROR]: String has an error at pos 8673630. expected o got 
[19:25:34] [main.cpp:39] [BLT_ERROR]: String has an error at pos 8685660. expected o got 
[19:25:34] [main.cpp:39] [BLT_ERROR]: String has an error at pos 8697690. expected o got 
[19:25:34] [main.cpp:39] [BLT_ERROR]: String has an error at pos 8709720. expected w got 
[19:25:34] [main.cpp:39] [BLT_ERROR]: String has an error at pos 8721750. expected w got 
[19:25:34] [main.cpp:39] [BLT_ERROR]: String has an error at pos 8733780. expected w got 
[19:25:34] [main.cpp:39] [BLT_ERROR]: String has an error at pos 8745810. expected w got 
[19:25:34] [main.cpp:39] [BLT_ERROR]: String has an error at pos 8757840. expected e got 
[19:25:34] [main.cpp:39] [BLT_ERROR]: String has an error at pos 8769870. expected e got 
[19:25:34] [main.cpp:39] [BLT_ERROR]: String has an error at pos 8781900. expected i got 
[19:25:34] [main.cpp:39] [BLT_ERROR]: String has an error at pos 8793930. expected i got 
[19:25:34] [main.cpp:39] [BLT_ERROR]: String has an error at pos 8805960. expected o got 
[19:25:34] [main.cpp:39] [BLT_ERROR]: String has an error at pos 8817990. expected o got 
[19:25:34] [main.cpp:39] [BLT_ERROR]: String has an error at pos 8830020. expected s got 
[19:25:34] [main.cpp:39] [BLT_ERROR]: String has an error at pos 8842050. expected s got 
[19:25:34] [main.cpp:39] [BLT_ERROR]: String has an error at pos 8854080. expected w got 
[19:25:34] [main.cpp:39] [BLT_ERROR]: String has an error at pos 8866110. expected w got 
[19:25:34] [main.cpp:39] [BLT_ERROR]: String has an error at pos 8878140. expected a got 
[19:25:34] [main.cpp:39] [BLT_ERROR]: String has an error at pos 8890170. expected a got 
[19:25:34] [main.cpp:39] [BLT_ERROR]: String has an error at pos 8902200. expected e got 
[19:25:34] [main.cpp:39] [BLT_ERROR]: String has an error at pos 8914230. expected e got 
[19:25:34] [main.cpp:39] [BLT_ERROR]: String has an error at pos 8926260. expected i got 
[19:25:34] [main.cpp:39] [BLT_ERROR]: String has an error at pos 8938290. expected i got 
[19:25:34] [main.cpp:39] [BLT_ERROR]: String has an error at pos 8950320. expected m got 
[19:25:34] [main.cpp:39] [BLT_ERROR]: String has an error at pos 8962350. expected m got 
[19:25:34] [main.cpp:39] [BLT_ERROR]: String has an error at pos 8974380. expected q got 
[19:25:34] [main.cpp:39] [BLT_ERROR]: String has an error at pos 8986410. expected q got 
[19:25:34] [main.cpp:39] [BLT_ERROR]: String has an error at pos 8998440. expected u got 
[19:25:34] [main.cpp:39] [BLT_ERROR]: String has an error at pos 9010470. expected u got 
[19:25:34] [main.cpp:39] [BLT_ERROR]: String has an error at pos 9022500. expected y got 
[19:25:34] [main.cpp:39] [BLT_ERROR]: String has an error at pos 9034530. expected y got 
[19:25:34] [main.cpp:39] [BLT_ERROR]: String has an error at pos 9046560. expected c got 
[19:25:34] [main.cpp:39] [BLT_ERROR]: String has an error at pos 9058590. expected c got 
[19:25:34] [main.cpp:39] [BLT_ERROR]: String has an error at pos 9070620. expected g got 
[19:25:34] [main.cpp:39] [BLT_ERROR]: String has an error at pos 9082650. expected g got 
[19:25:34] [main.cpp:39] [BLT_ERROR]: String has an error at pos 9094680. expected k got 
[19:25:34] [main.cpp:39] [BLT_ERROR]: String has an error at pos 9106710. expected k got 
[19:25:34] [main.cpp:39] [BLT_ERROR]: String has an error at pos 9118740. expected o got 
[19:25:34] [main.cpp:39] [BLT_ERROR]: String has an error at pos 9130770. expected o got 
[19:25:34] [main.cpp:39] [BLT_ERROR]: String has an error at pos 9142800. expected s got 
[19:25:34] [main.cpp:39] [BLT_ERROR]: String has an error at pos 9154830. expected s got 
[19:25:34] [main.cpp:39] [BLT_ERROR]: String has an error at pos 9178890. expected s got 
[19:25:34] [main.cpp:39] [BLT_ERROR]: String has an error at pos 9190920. expected c got 
[19:25:34] [main.cpp:39] [BLT_ERROR]: String has an error at pos 9202950. expected c got 
[19:25:34] [main.cpp:39] [BLT_ERROR]: String has an error at pos 9214980. expected c got 
[19:25:34] [main.cpp:39] [BLT_ERROR]: String has an error at pos 9227010. expected c got 
[19:25:34] [main.cpp:39] [BLT_ERROR]: String has an error at pos 9239040. expected k got 
[19:25:34] [main.cpp:39] [BLT_ERROR]: String has an error at pos 9251070. expected k got 
[19:25:34] [main.cpp:39] [BLT_ERROR]: String has an error at pos 9263100. expected k got 
[19:25:34] [main.cpp:39] [BLT_ERROR]: String has an error at pos 9275130. expected k got 
[19:25:34] [main.cpp:39] [BLT_ERROR]: String has an error at pos 9287160. expected s got 
[19:25:34] [main.cpp:39] [BLT_ERROR]: String has an error at pos 9299190. expected s got 
[19:25:34] [main.cpp:39] [BLT_ERROR]: String has an error at pos 9311220. expected s got 
[19:25:34] [main.cpp:39] [BLT_ERROR]: String has an error at pos 9323250. expected s got 
[19:25:34] [main.cpp:39] [BLT_ERROR]: String has an error at pos 9335280. expected a got 
[19:25:34] [main.cpp:39] [BLT_ERROR]: String has an error at pos 9347310. expected a got 
[19:25:34] [main.cpp:39] [BLT_ERROR]: String has an error at pos 9359340. expected a got 
[19:25:34] [main.cpp:39] [BLT_ERROR]: String has an error at pos 9371370. expected a got 
[19:25:34] [main.cpp:39] [BLT_ERROR]: String has an error at pos 9383400. expected i got 
[19:25:34] [main.cpp:39] [BLT_ERROR]: String has an error at pos 9395430. expected i got 
[19:25:34] [main.cpp:39] [BLT_ERROR]: String has an error at pos 9407460. expected i got 
[19:25:34] [main.cpp:39] [BLT_ERROR]: String has an error at pos 9419490. expected i got 
[19:25:34] [main.cpp:39] [BLT_ERROR]: String has an error at pos 9431520. expected q got 
[19:25:34] [main.cpp:39] [BLT_ERROR]: String has an error at pos 9443550. expected q got 
[19:25:34] [main.cpp:39] [BLT_ERROR]: String has an error at pos 9455580. expected q got 
[19:25:34] [main.cpp:39] [BLT_ERROR]: String has an error at pos 9467610. expected q got 
[19:25:34] [main.cpp:39] [BLT_ERROR]: String has an error at pos 9479640. expected y got 
[19:25:34] [main.cpp:39] [BLT_ERROR]: String has an error at pos 9491670. expected y got 
[19:25:34] [main.cpp:39] [BLT_ERROR]: String has an error at pos 9503700. expected y got 
[19:25:34] [main.cpp:39] [BLT_ERROR]: String has an error at pos 9515730. expected y got 
[19:25:34] [main.cpp:39] [BLT_ERROR]: String has an error at pos 9527760. expected g got 
[19:25:34] [main.cpp:39] [BLT_ERROR]: String has an error at pos 9539790. expected g got 
[19:25:34] [main.cpp:39] [BLT_ERROR]: String has an error at pos 9551820. expected m got 
[19:25:34] [main.cpp:39] [BLT_ERROR]: String has an error at pos 9563850. expected m got 
[19:25:34] [main.cpp:39] [BLT_ERROR]: String has an error at pos 9575880. expected q got 
[19:25:34] [main.cpp:39] [BLT_ERROR]: String has an error at pos 9587910. expected q got 
[19:25:34] [main.cpp:39] [BLT_ERROR]: String has an error at pos 9599940. expected u got 
[19:25:34] [main.cpp:39] [BLT_ERROR]: String has an error at pos 9611970. expected u got 
[19:25:34] [main.cpp:39] [BLT_ERROR]: String has an error at pos 9624000. expected y got 
[19:25:34] [main.cpp:39] [BLT_ERROR]: String has an error at pos 9636030. expected y got 
[19:25:34] [main.cpp:39] [BLT_ERROR]: String has an error at pos 9648060. expected c got 
[19:25:34] [main.cpp:39] [BLT_ERROR]: String has an error at pos 9660090. expected c got 
[19:25:34] [main.cpp:39] [BLT_ERROR]: String has an error at pos 9672120. expected g got 
[19:25:34] [main.cpp:39] [BLT_ERROR]: String has an error at pos 9684150. expected g got 
[19:25:34] [main.cpp:39] [BLT_ERROR]: String has an error at pos 9696180. expected k got 
[19:25:34] [main.cpp:39] [BLT_ERROR]: String has an error at pos 9708210. expected k got 
[19:25:34] [main.cpp:39] [BLT_ERROR]: String has an error at pos 9720240. expected o got 
[19:25:34] [main.cpp:39] [BLT_ERROR]: String has an error at pos 9732270. expected o got 
[19:25:34] [main.cpp:39] [BLT_ERROR]: String has an error at pos 9744300. expected s got 
[19:25:34] [main.cpp:39] [BLT_ERROR]: String has an error at pos 9756330. expected s got 
[19:25:34] [main.cpp:39] [BLT_ERROR]: String has an error at pos 9768360. expected w got 
[19:25:34] [main.cpp:39] [BLT_ERROR]: String has an error at pos 9780390. expected w got 
[19:25:34] [main.cpp:39] [BLT_ERROR]: String has an error at pos 9792420. expected a got 
[19:25:34] [main.cpp:39] [BLT_ERROR]: String has an error at pos 9804450. expected a got 
[19:25:34] [main.cpp:39] [BLT_ERROR]: String has an error at pos 9816480. expected e got 
[19:25:34] [main.cpp:39] [BLT_ERROR]: String has an error at pos 9828510. expected e got 
[19:25:34] [main.cpp:39] [BLT_ERROR]: String has an error at pos 9840540. expected i got 
[19:25:34] [main.cpp:39] [BLT_ERROR]: String has an error at pos 9852570. expected i got 
[19:25:34] [main.cpp:39] [BLT_ERROR]: String has an error at pos 9864600. expected m got 
[19:25:34] [main.cpp:39] [BLT_ERROR]: String has an error at pos 9876630. expected m got 
[19:25:34] [main.cpp:39] [BLT_ERROR]: String has an error at pos 9888660. expected q got 
[19:25:34] [main.cpp:39] [BLT_ERROR]: String has an error at pos 9900690. expected q got 
[19:25:34] [main.cpp:39] [BLT_ERROR]: String has an error at pos 9912720. expected u got 
[19:25:34] [main.cpp:39] [BLT_ERROR]: String has an error at pos 9924750. expected u got 
[19:25:34] [main.cpp:39] [BLT_ERROR]: String has an error at pos 9936780. expected u got 
[19:25:34] [main.cpp:39] [BLT_ERROR]: String has an error at pos 9948810. expected u got 
[19:25:34] [main.cpp:39] [BLT_ERROR]: String has an error at pos 9960840. expected e got 
[19:25:34] [main.cpp:39] [BLT_ERROR]: String has an error at pos 9972870. expected e got 
[19:25:34] [main.cpp:39] [BLT_ERROR]: String has an error at pos 9984900. expected e got 
[19:25:34] [main.cpp:39] [BLT_ERROR]: String has an error at pos 9996930. expected e got 
[19:25:34] [main.cpp:39] [BLT_ERROR]: String has an error at pos 10008960. expected m got 
[19:25:34] [main.cpp:39] [BLT_ERROR]: String has an error at pos 10020990. expected m got 
[19:25:34] [main.cpp:39] [BLT_ERROR]: String has an error at pos 10033020. expected m got 
[19:25:34] [main.cpp:39] [BLT_ERROR]: String has an error at pos 10045050. expected m got 
[19:25:34] [main.cpp:39] [BLT_ERROR]: String has an error at pos 10057080. expected u got 
[19:25:34] [main.cpp:39] [BLT_ERROR]: String has an error at pos 10069110. expected u got 
[19:25:34] [main.cpp:39] [BLT_ERROR]: String has an error at pos 10081140. expected u got 
[19:25:34] [main.cpp:39] [BLT_ERROR]: String has an error at pos 10093170. expected u got 
[19:25:34] [main.cpp:39] [BLT_ERROR]: String has an error at pos 10105200. expected c got 
[19:25:34] [main.cpp:39] [BLT_ERROR]: String has an error at pos 10117230. expected c got 
[19:25:34] [main.cpp:39] [BLT_ERROR]: String has an error at pos 10129260. expected c got 
[19:25:34] [main.cpp:39] [BLT_ERROR]: String has an error at pos 10141290. expected c got 
[19:25:34] [main.cpp:39] [BLT_ERROR]: String has an error at pos 10153320. expected k got 
[19:25:34] [main.cpp:39] [BLT_ERROR]: String has an error at pos 10165350. expected k got 
[19:25:34] [main.cpp:39] [BLT_ERROR]: String has an error at pos 10177380. expected k got 
[19:25:34] [main.cpp:39] [BLT_ERROR]: String has an error at pos 10189410. expected k got 
[19:25:34] [main.cpp:39] [BLT_ERROR]: String has an error at pos 10201440. expected s got 
[19:25:34] [main.cpp:39] [BLT_ERROR]: String has an error at pos 10213470. expected s got 
[19:25:35] [main.cpp:39] [BLT_ERROR]: String has an error at pos 10225500. expected s got 
[19:25:35] [main.cpp:39] [BLT_ERROR]: String has an error at pos 10237530. expected s got 
[19:25:35] [main.cpp:39] [BLT_ERROR]: String has an error at pos 10249560. expected a got 
[19:25:35] [main.cpp:39] [BLT_ERROR]: String has an error at pos 10261590. expected a got 
[19:25:35] [main.cpp:39] [BLT_ERROR]: String has an error at pos 10273620. expected a got 
[19:25:35] [main.cpp:39] [BLT_ERROR]: String has an error at pos 10285650. expected a got 
[19:25:35] [main.cpp:39] [BLT_ERROR]: String has an error at pos 10297680. expected i got 
[19:25:35] [main.cpp:39] [BLT_ERROR]: String has an error at pos 10309710. expected i got 
[19:25:35] [main.cpp:39] [BLT_ERROR]: String has an error at pos 10321740. expected o got 
[19:25:35] [main.cpp:39] [BLT_ERROR]: String has an error at pos 10333770. expected o got 
[19:25:35] [main.cpp:39] [BLT_ERROR]: String has an error at pos 10345800. expected s got 
[19:25:35] [main.cpp:39] [BLT_ERROR]: String has an error at pos 10357830. expected s got 
[19:25:35] [main.cpp:39] [BLT_ERROR]: String has an error at pos 10369860. expected w got 
[19:25:35] [main.cpp:39] [BLT_ERROR]: String has an error at pos 10381890. expected w got 
[19:25:35] [main.cpp:39] [BLT_ERROR]: String has an error at pos 10393920. expected a got 
[19:25:35] [main.cpp:39] [BLT_ERROR]: String has an error at pos 10405950. expected a got 
[19:25:35] [main.cpp:39] [BLT_ERROR]: String has an error at pos 10417980. expected e got 
[19:25:35] [main.cpp:39] [BLT_ERROR]: String has an error at pos 10430010. expected e got 
[19:25:35] [main.cpp:39] [BLT_ERROR]: String has an error at pos 10442040. expected i got 
[19:25:35] [main.cpp:39] [BLT_ERROR]: String has an error at pos 10454070. expected i got 
[19:25:35] [main.cpp:39] [BLT_ERROR]: String has an error at pos 10466100. expected m got 
[19:25:35] [main.cpp:39] [BLT_ERROR]: String has an error at pos 10478130. expected m got 
[19:25:35] [main.cpp:39] [BLT_ERROR]: String has an error at pos 10490160. expected q got 
[19:25:35] [main.cpp:39] [BLT_ERROR]: String has an error at pos 10502190. expected q got 
[19:25:35] [main.cpp:39] [BLT_ERROR]: String has an error at pos 10514220. expected u got 
[19:25:35] [main.cpp:39] [BLT_ERROR]: String has an error at pos 10526250. expected u got 
[19:25:35] [main.cpp:39] [BLT_ERROR]: String has an error at pos 10538280. expected y got 
[19:25:35] [main.cpp:39] [BLT_ERROR]: String has an error at pos 10550310. expected y got 
[19:25:35] [main.cpp:39] [BLT_ERROR]: String has an error at pos 10562340. expected c got 
[19:25:35] [main.cpp:39] [BLT_ERROR]: String has an error at pos 10574370. expected c got 
[19:25:35] [main.cpp:39] [BLT_ERROR]: String has an error at pos 10586400. expected g got 
[19:25:35] [main.cpp:39] [BLT_ERROR]: String has an error at pos 10598430. expected g got 
[19:25:35] [main.cpp:39] [BLT_ERROR]: String has an error at pos 10610460. expected k got 
[19:25:35] [main.cpp:39] [BLT_ERROR]: String has an error at pos 10622490. expected k got 
[19:25:35] [main.cpp:39] [BLT_ERROR]: String has an error at pos 10634520. expected o got 
[19:25:35] [main.cpp:39] [BLT_ERROR]: String has an error at pos 10646550. expected o got 
[19:25:35] [main.cpp:39] [BLT_ERROR]: String has an error at pos 10658580. expected s got 
[19:25:35] [main.cpp:39] [BLT_ERROR]: String has an error at pos 10670610. expected s got 
[19:25:35] [main.cpp:39] [BLT_ERROR]: String has an error at pos 10682640. expected w got 
[19:25:35] [main.cpp:39] [BLT_ERROR]: String has an error at pos 10694670. expected w got 
[19:25:35] [main.cpp:39] [BLT_ERROR]: String has an error at pos 10706700. expected w got 
[19:25:35] [main.cpp:39] [BLT_ERROR]: String has an error at pos 10718730. expected w got 
[19:25:35] [main.cpp:39] [BLT_ERROR]: String has an error at pos 10730760. expected g got 
[19:25:35] [main.cpp:39] [BLT_ERROR]: String has an error at pos 10742790. expected g got 
[19:25:35] [main.cpp:39] [BLT_ERROR]: String has an error at pos 10754820. expected g got 
[19:25:35] [main.cpp:39] [BLT_ERROR]: String has an error at pos 10766850. expected g got 
[19:25:35] [main.cpp:39] [BLT_ERROR]: String has an error at pos 10778880. expected o got 
[19:25:35] [main.cpp:39] [BLT_ERROR]: String has an error at pos 10790910. expected o got 
[19:25:35] [main.cpp:39] [BLT_ERROR]: String has an error at pos 10802940. expected o got 
[19:25:35] [main.cpp:39] [BLT_ERROR]: String has an error at pos 10814970. expected o got 
[19:25:35] [main.cpp:39] [BLT_ERROR]: String has an error at pos 10827000. expected w got 
[19:25:35] [main.cpp:39] [BLT_ERROR]: String has an error at pos 10839030. expected w got 
[19:25:35] [main.cpp:39] [BLT_ERROR]: String has an error at pos 10851060. expected w got 
[19:25:35] [main.cpp:39] [BLT_ERROR]: String has an error at pos 10863090. expected w got 
[19:25:35] [main.cpp:39] [BLT_ERROR]: String has an error at pos 10875120. expected e got 
[19:25:35] [main.cpp:39] [BLT_ERROR]: String has an error at pos 10887150. expected e got 
[19:25:35] [main.cpp:39] [BLT_ERROR]: String has an error at pos 10899180. expected e got 
[19:25:35] [main.cpp:39] [BLT_ERROR]: String has an error at pos 10911210. expected e got 
[19:25:35] [main.cpp:39] [BLT_ERROR]: String has an error at pos 10923240. expected m got 
[19:25:35] [main.cpp:39] [BLT_ERROR]: String has an error at pos 10935270. expected m got 
[19:25:35] [main.cpp:39] [BLT_ERROR]: String has an error at pos 10947300. expected m got 
[19:25:35] [main.cpp:39] [BLT_ERROR]: String has an error at pos 10959330. expected m got 
[19:25:35] [main.cpp:39] [BLT_ERROR]: String has an error at pos 10971360. expected u got 
[19:25:35] [main.cpp:39] [BLT_ERROR]: String has an error at pos 10983390. expected u got 
[19:25:35] [main.cpp:39] [BLT_ERROR]: String has an error at pos 10995420. expected u got 
[19:25:35] [main.cpp:39] [BLT_ERROR]: String has an error at pos 11007450. expected u got 
[19:25:35] [main.cpp:39] [BLT_ERROR]: String has an error at pos 11019480. expected c got 
[19:25:35] [main.cpp:39] [BLT_ERROR]: String has an error at pos 11031510. expected c got 
[19:25:35] [main.cpp:39] [BLT_ERROR]: String has an error at pos 11043540. expected c got 
[19:25:35] [main.cpp:39] [BLT_ERROR]: String has an error at pos 11055570. expected c got 
[19:25:35] [main.cpp:39] [BLT_ERROR]: String has an error at pos 11067600. expected k got 
[19:25:35] [main.cpp:39] [BLT_ERROR]: String has an error at pos 11079630. expected k got 
[19:25:35] [main.cpp:39] [BLT_ERROR]: String has an error at pos 11091660. expected q got 
[19:25:35] [main.cpp:39] [BLT_ERROR]: String has an error at pos 11103690. expected q got 
[19:25:35] [main.cpp:39] [BLT_ERROR]: String has an error at pos 11115720. expected u got 
[19:25:35] [main.cpp:39] [BLT_ERROR]: String has an error at pos 11127750. expected u got 
[19:25:35] [main.cpp:39] [BLT_ERROR]: String has an error at pos 11139780. expected y got 
[19:25:35] [main.cpp:39] [BLT_ERROR]: String has an error at pos 11151810. expected y got 
[19:25:35] [main.cpp:39] [BLT_ERROR]: String has an error at pos 11163840. expected c got 
[19:25:35] [main.cpp:39] [BLT_ERROR]: String has an error at pos 11175870. expected c got 
[19:25:35] [main.cpp:39] [BLT_ERROR]: String has an error at pos 11187900. expected g got 
[19:25:35] [main.cpp:39] [BLT_ERROR]: String has an error at pos 11199930. expected g got 
[19:25:35] [main.cpp:39] [BLT_ERROR]: String has an error at pos 11211960. expected k got 
[19:25:35] [main.cpp:39] [BLT_ERROR]: String has an error at pos 11223990. expected k got 
[19:25:35] [main.cpp:39] [BLT_ERROR]: String has an error at pos 11236020. expected o got 
[19:25:35] [main.cpp:39] [BLT_ERROR]: String has an error at pos 11248050. expected o got 
[19:25:35] [main.cpp:39] [BLT_ERROR]: String has an error at pos 11260080. expected s got 
[19:25:35] [main.cpp:39] [BLT_ERROR]: String has an error at pos 11272110. expected s got 
[19:25:35] [main.cpp:39] [BLT_ERROR]: String has an error at pos 11284140. expected w got 
[19:25:35] [main.cpp:39] [BLT_ERROR]: String has an error at pos 11296170. expected w got 
[19:25:35] [main.cpp:39] [BLT_ERROR]: String has an error at pos 11308200. expected a got 
[19:25:35] [main.cpp:39] [BLT_ERROR]: String has an error at pos 11320230. expected a got 
[19:25:35] [main.cpp:39] [BLT_ERROR]: String has an error at pos 11332260. expected e got 
[19:25:35] [main.cpp:39] [BLT_ERROR]: String has an error at pos 11344290. expected e got 
[19:25:35] [main.cpp:39] [BLT_ERROR]: String has an error at pos 11356320. expected i got 
[19:25:35] [main.cpp:39] [BLT_ERROR]: String has an error at pos 11368350. expected i got 
[19:25:35] [main.cpp:39] [BLT_ERROR]: String has an error at pos 11380380. expected m got 
[19:25:35] [main.cpp:39] [BLT_ERROR]: String has an error at pos 11392410. expected m got 
[19:25:35] [main.cpp:39] [BLT_ERROR]: String has an error at pos 11404440. expected q got 
[19:25:35] [main.cpp:39] [BLT_ERROR]: String has an error at pos 11416470. expected q got 
[19:25:35] [main.cpp:39] [BLT_ERROR]: String has an error at pos 11428500. expected u got 
[19:25:35] [main.cpp:39] [BLT_ERROR]: String has an error at pos 11440530. expected u got 
[19:25:35] [main.cpp:39] [BLT_ERROR]: String has an error at pos 11452560. expected y got 
[19:25:35] [main.cpp:39] [BLT_ERROR]: String has an error at pos 11464590. expected y got 
[19:25:35] [main.cpp:39] [BLT_ERROR]: String has an error at pos 11476620. expected y got 
[19:25:35] [main.cpp:39] [BLT_ERROR]: String has an error at pos 11488650. expected y got 
[19:25:35] [main.cpp:39] [BLT_ERROR]: String has an error at pos 11500680. expected i got 
[19:25:35] [main.cpp:39] [BLT_ERROR]: String has an error at pos 11512710. expected i got 
[19:25:35] [main.cpp:39] [BLT_ERROR]: String has an error at pos 11524740. expected i got 
[19:25:35] [main.cpp:39] [BLT_ERROR]: String has an error at pos 11536770. expected i got 
[19:25:35] [main.cpp:39] [BLT_ERROR]: String has an error at pos 11548800. expected q got 
[19:25:35] [main.cpp:39] [BLT_ERROR]: String has an error at pos 11560830. expected q got 
[19:25:35] [main.cpp:39] [BLT_ERROR]: String has an error at pos 11572860. expected q got 
[19:25:35] [main.cpp:39] [BLT_ERROR]: String has an error at pos 11584890. expected q got 
[19:25:35] [main.cpp:39] [BLT_ERROR]: String has an error at pos 11596920. expected y got 
[19:25:35] [main.cpp:39] [BLT_ERROR]: String has an error at pos 11608950. expected y got 
[19:25:35] [main.cpp:39] [BLT_ERROR]: String has an error at pos 11620980. expected y got 
[19:25:35] [main.cpp:39] [BLT_ERROR]: String has an error at pos 11633010. expected y got 
[19:25:35] [main.cpp:39] [BLT_ERROR]: String has an error at pos 11645040. expected g got 
[19:25:35] [main.cpp:39] [BLT_ERROR]: String has an error at pos 11657070. expected g got 
[19:25:35] [main.cpp:39] [BLT_ERROR]: String has an error at pos 11669100. expected g got 
[19:25:35] [main.cpp:39] [BLT_ERROR]: String has an error at pos 11681130. expected g got 
[19:25:35] [main.cpp:39] [BLT_ERROR]: String has an error at pos 11693160. expected o got 
[19:25:35] [main.cpp:39] [BLT_ERROR]: String has an error at pos 11705190. expected o got 
[19:25:35] [main.cpp:39] [BLT_ERROR]: String has an error at pos 11717220. expected o got 
[19:25:35] [main.cpp:39] [BLT_ERROR]: String has an error at pos 11729250. expected o got 
[19:25:35] [main.cpp:39] [BLT_ERROR]: String has an error at pos 11741280. expected w got 
[19:25:35] [main.cpp:39] [BLT_ERROR]: String has an error at pos 11753310. expected w got 
[19:25:35] [main.cpp:39] [BLT_ERROR]: String has an error at pos 11765340. expected w got 
[19:25:35] [main.cpp:39] [BLT_ERROR]: String has an error at pos 11777370. expected w got 
[19:25:35] [main.cpp:39] [BLT_ERROR]: String has an error at pos 11789400. expected e got 
[19:25:35] [main.cpp:39] [BLT_ERROR]: String has an error at pos 11801430. expected e got 
[19:25:35] [main.cpp:39] [BLT_ERROR]: String has an error at pos 11813460. expected e got 
[19:25:35] [main.cpp:39] [BLT_ERROR]: String has an error at pos 11825490. expected e got 
[19:25:35] [main.cpp:39] [BLT_ERROR]: String has an error at pos 11837520. expected m got 
[19:25:35] [main.cpp:39] [BLT_ERROR]: String has an error at pos 11849550. expected m got 
[19:25:35] [main.cpp:39] [BLT_ERROR]: String has an error at pos 11861580. expected s got 
[19:25:35] [main.cpp:39] [BLT_ERROR]: String has an error at pos 11873610. expected s got 
[19:25:35] [main.cpp:39] [BLT_ERROR]: String has an error at pos 11885640. expected w got 
[19:25:35] [main.cpp:39] [BLT_ERROR]: String has an error at pos 11897670. expected w got 
[19:25:35] [main.cpp:39] [BLT_ERROR]: String has an error at pos 11909700. expected a got 
[19:25:35] [main.cpp:39] [BLT_ERROR]: String has an error at pos 11921730. expected a got 
[19:25:36] [main.cpp:39] [BLT_ERROR]: String has an error at pos 11933760. expected e got 
[19:25:36] [main.cpp:39] [BLT_ERROR]: String has an error at pos 11945790. expected e got 
[19:25:36] [main.cpp:39] [BLT_ERROR]: String has an error at pos 11957820. expected i got 
[19:25:36] [main.cpp:39] [BLT_ERROR]: String has an error at pos 11969850. expected i got 
[19:25:36] [main.cpp:39] [BLT_ERROR]: String has an error at pos 11981880. expected m got 
[19:25:36] [main.cpp:39] [BLT_ERROR]: String has an error at pos 11993910. expected m got 
[19:25:36] [main.cpp:39] [BLT_ERROR]: String has an error at pos 12005940. expected q got 
[19:25:36] [main.cpp:39] [BLT_ERROR]: String has an error at pos 12017970. expected q got 
[19:25:36] [main.cpp:39] [BLT_ERROR]: String has an error at pos 12030000. expected u got 
[19:25:36] [main.cpp:39] [BLT_ERROR]: String has an error at pos 12042030. expected u got 
[19:25:36] [main.cpp:39] [BLT_ERROR]: String has an error at pos 12054060. expected y got 
[19:25:36] [main.cpp:39] [BLT_ERROR]: String has an error at pos 12066090. expected y got 
[19:25:36] [main.cpp:39] [BLT_ERROR]: String has an error at pos 12078120. expected c got 
[19:25:36] [main.cpp:39] [BLT_ERROR]: String has an error at pos 12090150. expected c got 
[19:25:36] [main.cpp:39] [BLT_ERROR]: String has an error at pos 12102180. expected g got 
[19:25:36] [main.cpp:39] [BLT_ERROR]: String has an error at pos 12114210. expected g got 
[19:25:36] [main.cpp:39] [BLT_ERROR]: String has an error at pos 12126240. expected k got 
[19:25:36] [main.cpp:39] [BLT_ERROR]: String has an error at pos 12138270. expected k got 
[19:25:36] [main.cpp:39] [BLT_ERROR]: String has an error at pos 12150300. expected o got 
[19:25:36] [main.cpp:39] [BLT_ERROR]: String has an error at pos 12162330. expected o got 
[19:25:36] [main.cpp:39] [BLT_ERROR]: String has an error at pos 12174360. expected s got 
